Using pre-set license
Built from '2022.1/staging' branch; Version is '2022.1.23f1 (9636b062134a) revision 9844400'; Using compiler version '192829333'; Build Type 'Release'
OS: 'Windows 10  (10.0.19045) 64bit Professional' Language: 'en' Physical Memory: 8074 MB
BatchMode: 1, IsHumanControllingUs: 0, StartBugReporterOnCrash: 0, Is64bit: 1, IsPro: 1

COMMAND LINE ARGUMENTS:
C:\Program Files\Unity\Hub\Editor\2022.1.23f1\Editor\Unity.exe
-adb2
-batchMode
-noUpm
-name
AssetImportWorker1
-projectPath
C:/Users/ihccStudent/Desktop/Byte Jam/ByteJam2023-2
-logFile
Logs/AssetImportWorker1.log
-srvPort
50857
Successfully changed project path to: C:/Users/ihccStudent/Desktop/Byte Jam/ByteJam2023-2
C:/Users/ihccStudent/Desktop/Byte Jam/ByteJam2023-2
[UnityMemory] Configuration Parameters - Can be set up in boot.config
    "memorysetup-bucket-allocator-granularity=16"
    "memorysetup-bucket-allocator-bucket-count=8"
    "memorysetup-bucket-allocator-block-size=33554432"
    "memorysetup-bucket-allocator-block-count=8"
    "memorysetup-main-allocator-block-size=16777216"
    "memorysetup-thread-allocator-block-size=16777216"
    "memorysetup-gfx-main-allocator-block-size=16777216"
    "memorysetup-gfx-thread-allocator-block-size=16777216"
    "memorysetup-cache-allocator-block-size=4194304"
    "memorysetup-typetree-allocator-block-size=2097152"
    "memorysetup-profiler-bucket-allocator-granularity=16"
    "memorysetup-profiler-bucket-allocator-bucket-count=8"
    "memorysetup-profiler-bucket-allocator-block-size=33554432"
    "memorysetup-profiler-bucket-allocator-block-count=8"
    "memorysetup-profiler-allocator-block-size=16777216"
    "memorysetup-profiler-editor-allocator-block-size=1048576"
    "memorysetup-temp-allocator-size-main=16777216"
    "memorysetup-job-temp-allocator-block-size=2097152"
    "memorysetup-job-temp-allocator-block-size-background=1048576"
    "memorysetup-job-temp-allocator-reduction-small-platforms=262144"
    "memorysetup-temp-allocator-size-background-worker=32768"
    "memorysetup-temp-allocator-size-job-worker=262144"
    "memorysetup-temp-allocator-size-preload-manager=33554432"
    "memorysetup-temp-allocator-size-nav-mesh-worker=65536"
    "memorysetup-temp-allocator-size-audio-worker=65536"
    "memorysetup-temp-allocator-size-cloud-worker=32768"
    "memorysetup-temp-allocator-size-gi-baking-worker=262144"
    "memorysetup-temp-allocator-size-gfx=262144"
Refreshing native plugins compatible for Editor in 458.95 ms, found 3 plugins.
Preloading 0 native plugins for Editor in 0.00 ms.
Initialize engine version: 2022.1.23f1 (9636b062134a)
[Subsystems] Discovering subsystems at path C:/Program Files/Unity/Hub/Editor/2022.1.23f1/Editor/Data/Resources/UnitySubsystems
[Subsystems] Discovering subsystems at path C:/Users/ihccStudent/Desktop/Byte Jam/ByteJam2023-2/Assets
GfxDevice: creating device client; threaded=0; jobified=0
Direct3D:
    Version:  Direct3D 11.0 [level 11.1]
    Renderer: Intel(R) HD Graphics 520 (ID=0x1916)
    Vendor:   Intel
    VRAM:     4037 MB
    Driver:   27.20.100.9171
Initialize mono
Mono path[0] = 'C:/Program Files/Unity/Hub/Editor/2022.1.23f1/Editor/Data/Managed'
Mono path[1] = 'C:/Program Files/Unity/Hub/Editor/2022.1.23f1/Editor/Data/MonoBleedingEdge/lib/mono/unityjit-win32'
Mono config path = 'C:/Program Files/Unity/Hub/Editor/2022.1.23f1/Editor/Data/MonoBleedingEdge/etc'
Using monoOptions --debugger-agent=transport=dt_socket,embedding=1,server=y,suspend=n,address=127.0.0.1:56216
Begin MonoManager ReloadAssembly
Registering precompiled unity dll's ...
Register platform support module: C:/Program Files/Unity/Hub/Editor/2022.1.23f1/Editor/Data/PlaybackEngines/WindowsStandaloneSupport/UnityEditor.WindowsStandalone.Extensions.dll
Registered in 0.026051 seconds.
Native extension for WindowsStandalone target not found
Refreshing native plugins compatible for Editor in 395.14 ms, found 3 plugins.
Preloading 0 native plugins for Editor in 0.00 ms.
Mono: successfully reloaded assembly
- Completed reload, in  3.192 seconds
Domain Reload Profiling:
	ReloadAssembly (3194ms)
		BeginReloadAssembly (398ms)
			ExecutionOrderSort (0ms)
			DisableScriptedObjects (0ms)
			BackupInstance (0ms)
			ReleaseScriptingObjects (0ms)
			CreateAndSetChildDomain (6ms)
		EndReloadAssembly (2279ms)
			LoadAssemblies (384ms)
			RebuildTransferFunctionScriptingTraits (0ms)
			SetupTypeCache (607ms)
				TypeCache.Initialize (606ms)
					TypeCache.ScanAssembly (600ms)
				ResolveRequiredComponents (1ms)
			ReleaseScriptCaches (0ms)
			RebuildScriptCaches (169ms)
			SetupLoadedEditorAssemblies (1323ms)
				LogAssemblyErrors (0ms)
				InitializePlatformSupportModulesInManaged (23ms)
				SetLoadedEditorAssemblies (29ms)
				RefreshPlugins (395ms)
				BeforeProcessingInitializeOnLoad (8ms)
				ProcessInitializeOnLoadAttributes (643ms)
				ProcessInitializeOnLoadMethodAttributes (224ms)
				AfterProcessingInitializeOnLoad (0ms)
				EditorAssembliesLoaded (0ms)
			ExecutionOrderSort2 (0ms)
			AwakeInstancesAfterBackupRestoration (0ms)
Platform modules already initialized, skipping
Registering precompiled user dll's ...
Registered in 0.026227 seconds.
Begin MonoManager ReloadAssembly
Symbol file LoadedFromMemory doesn't match image C:\Users\ihccStudent\Desktop\Byte Jam\ByteJam2023-2\Library\PackageCache\com.unity.visualscripting@1.7.8\Editor\VisualScripting.Core\Dependencies\YamlDotNet\Unity.VisualScripting.YamlDotNet.dll
Symbol file LoadedFromMemory doesn't match image C:\Users\ihccStudent\Desktop\Byte Jam\ByteJam2023-2\Library\PackageCache\com.unity.visualscripting@1.7.8\Editor\VisualScripting.Core\Dependencies\DotNetZip\Unity.VisualScripting.IonicZip.dll
Native extension for WindowsStandalone target not found
Refreshing native plugins compatible for Editor in 2.80 ms, found 3 plugins.
Preloading 0 native plugins for Editor in 0.00 ms.
Mono: successfully reloaded assembly
- Completed reload, in  8.138 seconds
Domain Reload Profiling:
	ReloadAssembly (8147ms)
		BeginReloadAssembly (1039ms)
			ExecutionOrderSort (0ms)
			DisableScriptedObjects (46ms)
			BackupInstance (0ms)
			ReleaseScriptingObjects (0ms)
			CreateAndSetChildDomain (192ms)
		EndReloadAssembly (6289ms)
			LoadAssemblies (571ms)
			RebuildTransferFunctionScriptingTraits (0ms)
			SetupTypeCache (2209ms)
				TypeCache.Initialize (2183ms)
					TypeCache.ScanAssembly (2140ms)
				ResolveRequiredComponents (26ms)
			ReleaseScriptCaches (2ms)
			RebuildScriptCaches (1074ms)
			SetupLoadedEditorAssemblies (2003ms)
				LogAssemblyErrors (0ms)
				InitializePlatformSupportModulesInManaged (30ms)
				SetLoadedEditorAssemblies (44ms)
				RefreshPlugins (3ms)
				BeforeProcessingInitializeOnLoad (583ms)
				ProcessInitializeOnLoadAttributes (1212ms)
				ProcessInitializeOnLoadMethodAttributes (96ms)
				AfterProcessingInitializeOnLoad (35ms)
				EditorAssembliesLoaded (0ms)
			ExecutionOrderSort2 (0ms)
			AwakeInstancesAfterBackupRestoration (31ms)
Platform modules already initialized, skipping
========================================================================
Worker process is ready to serve import requests
Launched and connected shader compiler UnityShaderCompiler.exe after 0.37 seconds
Refreshing native plugins compatible for Editor in 3.62 ms, found 3 plugins.
Preloading 0 native plugins for Editor in 0.00 ms.
Unloading 3389 Unused Serialized files (Serialized files now loaded: 0)
Unloading 26 unused Assets / (58.3 KB). Loaded Objects now: 3849.
Memory consumption went from 0.51 GB to 0.51 GB.
Total: 15.943900 ms (FindLiveObjects: 1.404700 ms CreateObjectMapping: 1.356900 ms MarkObjects: 13.017900 ms  DeleteObjects: 0.162600 ms)

AssetImportParameters requested are different than current active one (requested -> active):
  custom:video-decoder-ogg-theora: a1e56fd34408186e4bbccfd4996cb3dc -> 
  custom:container-muxer-webm: aa71ff27fc2769a1b78a27578f13a17b -> 
  custom:container-demuxer-webm: 4f35f7cbe854078d1ac9338744f61a02 -> 
  custom:video-encoder-webm-vp8: eb34c28f22e8b96e1ab97ce403110664 -> 
  custom:audio-encoder-webm-vorbis: bf7c407c2cedff20999df2af8eb42d56 -> 
  custom:framework-win-MediaFoundation: 216162199b28c13a410421893ffa2e32 -> 
  custom:container-demuxer-ogg: 62fdf1f143b41e24485cea50d1cbac27 -> 
  custom:video-decoder-webm-vp8: 9c59270c3fd7afecdb556c50c9e8de78 -> 
  custom:audio-decoder-ogg-vorbis: bf7c407c2cedff20999df2af8eb42d56 -> 
========================================================================
Received Import Request.
  Time since last request: 85649.402495 seconds.
  path: Assets/Imports/KennyUI/blue_circle.png
  artifactKey: Guid(d0f93d649c737c840b3281038e0b8fee) Importer(815301076,1909f56bfc062723c751e8b465ee728b)
Start importing Assets/Imports/KennyUI/blue_circle.png using Guid(d0f93d649c737c840b3281038e0b8fee) Importer(815301076,1909f56bfc062723c751e8b465ee728b)  -> (artifact id: '3c65cb2ad72c735423b28d7121b46a28') in 1.156585 seconds 
========================================================================
Received Import Request.
  Time since last request: 0.000053 seconds.
  path: Assets/Imports/KennyUI/blue_sliderDown.png
  artifactKey: Guid(05a424156034e9340ab928394f0b71a8) Importer(815301076,1909f56bfc062723c751e8b465ee728b)
Start importing Assets/Imports/KennyUI/blue_sliderDown.png using Guid(05a424156034e9340ab928394f0b71a8) Importer(815301076,1909f56bfc062723c751e8b465ee728b)  -> (artifact id: '52590ae1654c3036960fc2d69acf528d') in 0.050355 seconds 
========================================================================
Received Import Request.
  Time since last request: 0.000053 seconds.
  path: Assets/Imports/KennyUI/blue_button13.png
  artifactKey: Guid(73229490359949b47be2245f2c8f35bd) Importer(815301076,1909f56bfc062723c751e8b465ee728b)
Start importing Assets/Imports/KennyUI/blue_button13.png using Guid(73229490359949b47be2245f2c8f35bd) Importer(815301076,1909f56bfc062723c751e8b465ee728b)  -> (artifact id: '4ef5c933ff324d4eee237b4db5abe690') in 0.102178 seconds 
========================================================================
Received Import Request.
  Time since last request: 0.000040 seconds.
  path: Assets/Imports/KennyUI/blue_checkmark.png
  artifactKey: Guid(d7cac18286954b6409c0b4f72d2d0749) Importer(815301076,1909f56bfc062723c751e8b465ee728b)
Start importing Assets/Imports/KennyUI/blue_checkmark.png using Guid(d7cac18286954b6409c0b4f72d2d0749) Importer(815301076,1909f56bfc062723c751e8b465ee728b)  -> (artifact id: '816bf04618b8109ac75219cd83369a1b') in 0.198766 seconds 
========================================================================
Received Import Request.
  Time since last request: 0.000613 seconds.
  path: Assets/Imports/KennyUI/blue_button09.png
  artifactKey: Guid(b666374b2a43c464db036b36b03aef9c) Importer(815301076,1909f56bfc062723c751e8b465ee728b)
Start importing Assets/Imports/KennyUI/blue_button09.png using Guid(b666374b2a43c464db036b36b03aef9c) Importer(815301076,1909f56bfc062723c751e8b465ee728b)  -> (artifact id: '837fd5ace7a9389c40b54bc9a1a79dc4') in 0.307601 seconds 
========================================================================
Received Import Request.
  Time since last request: 0.000266 seconds.
  path: Assets/Imports/KennyUI/blue_tick.png
  artifactKey: Guid(52a58002c0579a149b0b80875bbb0b33) Importer(815301076,1909f56bfc062723c751e8b465ee728b)
Start importing Assets/Imports/KennyUI/blue_tick.png using Guid(52a58002c0579a149b0b80875bbb0b33) Importer(815301076,1909f56bfc062723c751e8b465ee728b)  -> (artifact id: 'a313f67c4eff8c520e49bd0482430038') in 0.285391 seconds 
========================================================================
Received Import Request.
  Time since last request: 0.000042 seconds.
  path: Assets/Imports/KennyUI/blue_button07.png
  artifactKey: Guid(b3f032f520f4f03488ece1e6259d84b4) Importer(815301076,1909f56bfc062723c751e8b465ee728b)
Start importing Assets/Imports/KennyUI/blue_button07.png using Guid(b3f032f520f4f03488ece1e6259d84b4) Importer(815301076,1909f56bfc062723c751e8b465ee728b)  -> (artifact id: '8449682fb80087e81d573a2c377b8dd1') in 0.057126 seconds 
========================================================================
Received Import Request.
  Time since last request: 0.000036 seconds.
  path: Assets/Sprites/UI Elements/blue_button01.png
  artifactKey: Guid(6185ce7fcc6c6ef4bb40e9ad3b3b448f) Importer(815301076,1909f56bfc062723c751e8b465ee728b)
Start importing Assets/Sprites/UI Elements/blue_button01.png using Guid(6185ce7fcc6c6ef4bb40e9ad3b3b448f) Importer(815301076,1909f56bfc062723c751e8b465ee728b)  -> (artifact id: 'a0535c6db67bfde006fd405b7d4600ee') in 0.553714 seconds 
========================================================================
Received Import Request.
  Time since last request: 0.000044 seconds.
  path: Packages/com.unity.textmeshpro/Editor Resources/Textures/btn_AlignCenterGeo_Light.psd
  artifactKey: Guid(35ff0937876540d3bd4b6a941df62a92) Importer(815301076,1909f56bfc062723c751e8b465ee728b)
Start importing Packages/com.unity.textmeshpro/Editor Resources/Textures/btn_AlignCenterGeo_Light.psd using Guid(35ff0937876540d3bd4b6a941df62a92) Importer(815301076,1909f56bfc062723c751e8b465ee728b)  -> (artifact id: '84084526e9e7a5d9a282c8b5ab38ba11') in 0.191146 seconds 
========================================================================
Received Import Request.
  Time since last request: 0.000059 seconds.
  path: Packages/com.unity.collab-proxy/Editor/Collaborate/Assets/Icons/back-dark@2x.png
  artifactKey: Guid(9c6313a5316f8a34b852bf94ff96e3ab) Importer(815301076,1909f56bfc062723c751e8b465ee728b)
Start importing Packages/com.unity.collab-proxy/Editor/Collaborate/Assets/Icons/back-dark@2x.png using Guid(9c6313a5316f8a34b852bf94ff96e3ab) Importer(815301076,1909f56bfc062723c751e8b465ee728b)  -> (artifact id: 'baf89a9ab89b4550e5027ee0aab00c07') in 0.132514 seconds 
========================================================================
Received Import Request.
  Time since last request: 0.000171 seconds.
  path: Assets/Imports/KennyUI/blue_boxTick.png
  artifactKey: Guid(61fd338f669b33f45b5b251644d6ed41) Importer(815301076,1909f56bfc062723c751e8b465ee728b)
Start importing Assets/Imports/KennyUI/blue_boxTick.png using Guid(61fd338f669b33f45b5b251644d6ed41) Importer(815301076,1909f56bfc062723c751e8b465ee728b)  -> (artifact id: 'e555a1cfb2cfdf3751b954b858f677c5') in 0.051579 seconds 
========================================================================
Received Import Request.
  Time since last request: 0.000044 seconds.
  path: Packages/com.unity.textmeshpro/Editor Resources/Textures/btn_AlignCapLine_Light.psd
  artifactKey: Guid(49679f302ac6408697f6b9314a38985c) Importer(815301076,1909f56bfc062723c751e8b465ee728b)
Start importing Packages/com.unity.textmeshpro/Editor Resources/Textures/btn_AlignCapLine_Light.psd using Guid(49679f302ac6408697f6b9314a38985c) Importer(815301076,1909f56bfc062723c751e8b465ee728b)  -> (artifact id: '11c6cc480401d81e42a06e6af7ffe796') in 0.122247 seconds 
Editor requested this worker to shutdown with reason: Scaling down because of idle timeout
AssetImportWorkerClient::OnTransportError - code=2 error=End of file
AssetImportWorker is now disconnected from the server
Process exiting
Exiting without the bug reporter. Application will terminate with return code 0