Using pre-set license
Built from '2022.1/staging' branch; Version is '2022.1.23f1 (9636b062134a) revision 9844400'; Using compiler version '192829333'; Build Type 'Release'
OS: 'Windows 10  (10.0.19045) 64bit Professional' Language: 'en' Physical Memory: 8074 MB
BatchMode: 1, IsHumanControllingUs: 0, StartBugReporterOnCrash: 0, Is64bit: 1, IsPro: 1

COMMAND LINE ARGUMENTS:
C:\Program Files\Unity\Hub\Editor\2022.1.23f1\Editor\Unity.exe
-adb2
-batchMode
-noUpm
-name
AssetImportWorker2
-projectPath
C:/Users/ihccStudent/Desktop/Byte Jam/ByteJam2023-2
-logFile
Logs/AssetImportWorker2.log
-srvPort
50857
Successfully changed project path to: C:/Users/ihccStudent/Desktop/Byte Jam/ByteJam2023-2
C:/Users/ihccStudent/Desktop/Byte Jam/ByteJam2023-2
[UnityMemory] Configuration Parameters - Can be set up in boot.config
    "memorysetup-bucket-allocator-granularity=16"
    "memorysetup-bucket-allocator-bucket-count=8"
    "memorysetup-bucket-allocator-block-size=33554432"
    "memorysetup-bucket-allocator-block-count=8"
    "memorysetup-main-allocator-block-size=16777216"
    "memorysetup-thread-allocator-block-size=16777216"
    "memorysetup-gfx-main-allocator-block-size=16777216"
    "memorysetup-gfx-thread-allocator-block-size=16777216"
    "memorysetup-cache-allocator-block-size=4194304"
    "memorysetup-typetree-allocator-block-size=2097152"
    "memorysetup-profiler-bucket-allocator-granularity=16"
    "memorysetup-profiler-bucket-allocator-bucket-count=8"
    "memorysetup-profiler-bucket-allocator-block-size=33554432"
    "memorysetup-profiler-bucket-allocator-block-count=8"
    "memorysetup-profiler-allocator-block-size=16777216"
    "memorysetup-profiler-editor-allocator-block-size=1048576"
    "memorysetup-temp-allocator-size-main=16777216"
    "memorysetup-job-temp-allocator-block-size=2097152"
    "memorysetup-job-temp-allocator-block-size-background=1048576"
    "memorysetup-job-temp-allocator-reduction-small-platforms=262144"
    "memorysetup-temp-allocator-size-background-worker=32768"
    "memorysetup-temp-allocator-size-job-worker=262144"
    "memorysetup-temp-allocator-size-preload-manager=33554432"
    "memorysetup-temp-allocator-size-nav-mesh-worker=65536"
    "memorysetup-temp-allocator-size-audio-worker=65536"
    "memorysetup-temp-allocator-size-cloud-worker=32768"
    "memorysetup-temp-allocator-size-gi-baking-worker=262144"
    "memorysetup-temp-allocator-size-gfx=262144"
Refreshing native plugins compatible for Editor in 478.90 ms, found 3 plugins.
Preloading 0 native plugins for Editor in 0.00 ms.
Initialize engine version: 2022.1.23f1 (9636b062134a)
[Subsystems] Discovering subsystems at path C:/Program Files/Unity/Hub/Editor/2022.1.23f1/Editor/Data/Resources/UnitySubsystems
[Subsystems] Discovering subsystems at path C:/Users/ihccStudent/Desktop/Byte Jam/ByteJam2023-2/Assets
GfxDevice: creating device client; threaded=0; jobified=0
Direct3D:
    Version:  Direct3D 11.0 [level 11.1]
    Renderer: Intel(R) HD Graphics 520 (ID=0x1916)
    Vendor:   Intel
    VRAM:     4037 MB
    Driver:   27.20.100.9171
Initialize mono
Mono path[0] = 'C:/Program Files/Unity/Hub/Editor/2022.1.23f1/Editor/Data/Managed'
Mono path[1] = 'C:/Program Files/Unity/Hub/Editor/2022.1.23f1/Editor/Data/MonoBleedingEdge/lib/mono/unityjit-win32'
Mono config path = 'C:/Program Files/Unity/Hub/Editor/2022.1.23f1/Editor/Data/MonoBleedingEdge/etc'
Using monoOptions --debugger-agent=transport=dt_socket,embedding=1,server=y,suspend=n,address=127.0.0.1:56852
Begin MonoManager ReloadAssembly
Registering precompiled unity dll's ...
Register platform support module: C:/Program Files/Unity/Hub/Editor/2022.1.23f1/Editor/Data/PlaybackEngines/WindowsStandaloneSupport/UnityEditor.WindowsStandalone.Extensions.dll
Registered in 0.024739 seconds.
Native extension for WindowsStandalone target not found
Refreshing native plugins compatible for Editor in 322.84 ms, found 3 plugins.
Preloading 0 native plugins for Editor in 0.00 ms.
Mono: successfully reloaded assembly
- Completed reload, in  3.418 seconds
Domain Reload Profiling:
	ReloadAssembly (3427ms)
		BeginReloadAssembly (490ms)
			ExecutionOrderSort (0ms)
			DisableScriptedObjects (0ms)
			BackupInstance (0ms)
			ReleaseScriptingObjects (0ms)
			CreateAndSetChildDomain (2ms)
		EndReloadAssembly (2404ms)
			LoadAssemblies (480ms)
			RebuildTransferFunctionScriptingTraits (0ms)
			SetupTypeCache (651ms)
				TypeCache.Initialize (649ms)
					TypeCache.ScanAssembly (642ms)
				ResolveRequiredComponents (1ms)
			ReleaseScriptCaches (0ms)
			RebuildScriptCaches (156ms)
			SetupLoadedEditorAssemblies (1304ms)
				LogAssemblyErrors (0ms)
				InitializePlatformSupportModulesInManaged (29ms)
				SetLoadedEditorAssemblies (29ms)
				RefreshPlugins (323ms)
				BeforeProcessingInitializeOnLoad (6ms)
				ProcessInitializeOnLoadAttributes (636ms)
				ProcessInitializeOnLoadMethodAttributes (280ms)
				AfterProcessingInitializeOnLoad (0ms)
				EditorAssembliesLoaded (0ms)
			ExecutionOrderSort2 (0ms)
			AwakeInstancesAfterBackupRestoration (0ms)
Platform modules already initialized, skipping
Registering precompiled user dll's ...
Registered in 0.059982 seconds.
Begin MonoManager ReloadAssembly
Symbol file LoadedFromMemory doesn't match image C:\Users\ihccStudent\Desktop\Byte Jam\ByteJam2023-2\Library\PackageCache\com.unity.visualscripting@1.7.8\Editor\VisualScripting.Core\Dependencies\YamlDotNet\Unity.VisualScripting.YamlDotNet.dll
Symbol file LoadedFromMemory doesn't match image C:\Users\ihccStudent\Desktop\Byte Jam\ByteJam2023-2\Library\PackageCache\com.unity.visualscripting@1.7.8\Editor\VisualScripting.Core\Dependencies\DotNetZip\Unity.VisualScripting.IonicZip.dll
Native extension for WindowsStandalone target not found
Refreshing native plugins compatible for Editor in 1.43 ms, found 3 plugins.
Preloading 0 native plugins for Editor in 0.00 ms.
Mono: successfully reloaded assembly
- Completed reload, in  8.128 seconds
Domain Reload Profiling:
	ReloadAssembly (8131ms)
		BeginReloadAssembly (1082ms)
			ExecutionOrderSort (0ms)
			DisableScriptedObjects (131ms)
			BackupInstance (0ms)
			ReleaseScriptingObjects (0ms)
			CreateAndSetChildDomain (131ms)
		EndReloadAssembly (6174ms)
			LoadAssemblies (571ms)
			RebuildTransferFunctionScriptingTraits (0ms)
			SetupTypeCache (1895ms)
				TypeCache.Initialize (1873ms)
					TypeCache.ScanAssembly (1833ms)
				ResolveRequiredComponents (22ms)
			ReleaseScriptCaches (1ms)
			RebuildScriptCaches (433ms)
			SetupLoadedEditorAssemblies (2278ms)
				LogAssemblyErrors (0ms)
				InitializePlatformSupportModulesInManaged (65ms)
				SetLoadedEditorAssemblies (73ms)
				RefreshPlugins (2ms)
				BeforeProcessingInitializeOnLoad (748ms)
				ProcessInitializeOnLoadAttributes (1210ms)
				ProcessInitializeOnLoadMethodAttributes (126ms)
				AfterProcessingInitializeOnLoad (54ms)
				EditorAssembliesLoaded (0ms)
			ExecutionOrderSort2 (0ms)
			AwakeInstancesAfterBackupRestoration (35ms)
Platform modules already initialized, skipping
========================================================================
Worker process is ready to serve import requests
Launched and connected shader compiler UnityShaderCompiler.exe after 0.61 seconds
Refreshing native plugins compatible for Editor in 2.68 ms, found 3 plugins.
Preloading 0 native plugins for Editor in 0.00 ms.
Unloading 3389 Unused Serialized files (Serialized files now loaded: 0)
Unloading 26 unused Assets / (58.3 KB). Loaded Objects now: 3849.
Memory consumption went from 0.51 GB to 0.51 GB.
Total: 21.033100 ms (FindLiveObjects: 3.579100 ms CreateObjectMapping: 0.568300 ms MarkObjects: 16.481200 ms  DeleteObjects: 0.403100 ms)

AssetImportParameters requested are different than current active one (requested -> active):
  custom:video-decoder-ogg-theora: a1e56fd34408186e4bbccfd4996cb3dc -> 
  custom:container-muxer-webm: aa71ff27fc2769a1b78a27578f13a17b -> 
  custom:container-demuxer-webm: 4f35f7cbe854078d1ac9338744f61a02 -> 
  custom:video-encoder-webm-vp8: eb34c28f22e8b96e1ab97ce403110664 -> 
  custom:audio-encoder-webm-vorbis: bf7c407c2cedff20999df2af8eb42d56 -> 
  custom:framework-win-MediaFoundation: 216162199b28c13a410421893ffa2e32 -> 
  custom:container-demuxer-ogg: 62fdf1f143b41e24485cea50d1cbac27 -> 
  custom:video-decoder-webm-vp8: 9c59270c3fd7afecdb556c50c9e8de78 -> 
  custom:audio-decoder-ogg-vorbis: bf7c407c2cedff20999df2af8eb42d56 -> 
========================================================================
Received Import Request.
  Time since last request: 85649.453281 seconds.
  path: Assets/Imports/KennyUI/blue_sliderUp.png
  artifactKey: Guid(c404cc847618d87419dab85f6bf08f40) Importer(815301076,1909f56bfc062723c751e8b465ee728b)
Start importing Assets/Imports/KennyUI/blue_sliderUp.png using Guid(c404cc847618d87419dab85f6bf08f40) Importer(815301076,1909f56bfc062723c751e8b465ee728b)  -> (artifact id: '82dc0e28af7c9923901dfd1fe315773d') in 1.070173 seconds 
========================================================================
Received Import Request.
  Time since last request: 0.000042 seconds.
  path: Assets/Imports/KennyUI/blue_button05.png
  artifactKey: Guid(2211df6f662f7c64e9da6c0ba736633b) Importer(815301076,1909f56bfc062723c751e8b465ee728b)
Start importing Assets/Imports/KennyUI/blue_button05.png using Guid(2211df6f662f7c64e9da6c0ba736633b) Importer(815301076,1909f56bfc062723c751e8b465ee728b)  -> (artifact id: '405f723c13090b2570f4c4ea8f47321c') in 0.130064 seconds 
========================================================================
Received Import Request.
  Time since last request: 0.000118 seconds.
  path: Assets/Imports/KennyUI/blue_sliderRight.png
  artifactKey: Guid(071280c7d925ea7458d6c703ffd4d997) Importer(815301076,1909f56bfc062723c751e8b465ee728b)
Start importing Assets/Imports/KennyUI/blue_sliderRight.png using Guid(071280c7d925ea7458d6c703ffd4d997) Importer(815301076,1909f56bfc062723c751e8b465ee728b)  -> (artifact id: '58b64257d8b58c3d6e877cf50f4caa07') in 0.047265 seconds 
========================================================================
Received Import Request.
  Time since last request: 0.000040 seconds.
  path: Assets/Imports/KennyUI/blue_cross.png
  artifactKey: Guid(f8d9aaa19278b2943b35bed0a2546e3f) Importer(815301076,1909f56bfc062723c751e8b465ee728b)
Start importing Assets/Imports/KennyUI/blue_cross.png using Guid(f8d9aaa19278b2943b35bed0a2546e3f) Importer(815301076,1909f56bfc062723c751e8b465ee728b)  -> (artifact id: 'a40369424be0ddf1c731435d6184ea83') in 0.161047 seconds 
========================================================================
Received Import Request.
  Time since last request: 0.000040 seconds.
  path: Assets/Imports/KennyUI/blue_button02.png
  artifactKey: Guid(20fc21ac9edadbe42a7316947845b128) Importer(815301076,1909f56bfc062723c751e8b465ee728b)
Start importing Assets/Imports/KennyUI/blue_button02.png using Guid(20fc21ac9edadbe42a7316947845b128) Importer(815301076,1909f56bfc062723c751e8b465ee728b)  -> (artifact id: 'ce20802b1fd06c14ec1a16b26e52b720') in 0.337061 seconds 
========================================================================
Received Import Request.
  Time since last request: 0.000372 seconds.
  path: Assets/Imports/KennyUI/blue_sliderLeft.png
  artifactKey: Guid(06329a370bb433c488b5f93dd4579fea) Importer(815301076,1909f56bfc062723c751e8b465ee728b)
Start importing Assets/Imports/KennyUI/blue_sliderLeft.png using Guid(06329a370bb433c488b5f93dd4579fea) Importer(815301076,1909f56bfc062723c751e8b465ee728b)  -> (artifact id: '1224b5cf772cfce65f31164857812e38') in 0.179911 seconds 
========================================================================
Received Import Request.
  Time since last request: 0.000037 seconds.
  path: Packages/com.unity.collab-proxy/Editor/Collaborate/Assets/Icons/added-file-light@2x.png
  artifactKey: Guid(ec2e3aa6d0ab8ce4eac29b56d65d61d5) Importer(815301076,1909f56bfc062723c751e8b465ee728b)
Start importing Packages/com.unity.collab-proxy/Editor/Collaborate/Assets/Icons/added-file-light@2x.png using Guid(ec2e3aa6d0ab8ce4eac29b56d65d61d5) Importer(815301076,1909f56bfc062723c751e8b465ee728b)  -> (artifact id: '046a4f5f20610f5123376fdb0a1d2805') in 0.055903 seconds 
========================================================================
Received Import Request.
  Time since last request: 0.000056 seconds.
  path: Packages/com.unity.textmeshpro/Editor Resources/Textures/btn_AlignBaseLine.psd
  artifactKey: Guid(8bc445bb79654bf496c92d0407840a92) Importer(815301076,1909f56bfc062723c751e8b465ee728b)
Start importing Packages/com.unity.textmeshpro/Editor Resources/Textures/btn_AlignBaseLine.psd using Guid(8bc445bb79654bf496c92d0407840a92) Importer(815301076,1909f56bfc062723c751e8b465ee728b)  -> (artifact id: '2193e1a5ac6aab2c7542585a2c97fab3') in 0.077110 seconds 
========================================================================
Received Import Request.
  Time since last request: 0.000053 seconds.
  path: Assets/Imports/KennyUI/blue_panel.png
  artifactKey: Guid(d41d21d24fccd7044a97feef67f4accc) Importer(815301076,1909f56bfc062723c751e8b465ee728b)
Start importing Assets/Imports/KennyUI/blue_panel.png using Guid(d41d21d24fccd7044a97feef67f4accc) Importer(815301076,1909f56bfc062723c751e8b465ee728b)  -> (artifact id: '7f942fe8f88217ecc2dc9c7dc033a1be') in 0.120442 seconds 
========================================================================
Received Import Request.
  Time since last request: 0.000049 seconds.
  path: Assets/Imports/KennyUI/blue_button08.png
  artifactKey: Guid(b4fa4b3ced2061949a57026a078784e6) Importer(815301076,1909f56bfc062723c751e8b465ee728b)
Start importing Assets/Imports/KennyUI/blue_button08.png using Guid(b4fa4b3ced2061949a57026a078784e6) Importer(815301076,1909f56bfc062723c751e8b465ee728b)  -> (artifact id: 'e929e5669b83bfa11006c143b1ccb6f7') in 0.256331 seconds 
========================================================================
Received Import Request.
  Time since last request: 0.000043 seconds.
  path: Assets/Imports/KennyUI/blue_boxCross.png
  artifactKey: Guid(7015e6ad0e3176244b20992d882fc156) Importer(815301076,1909f56bfc062723c751e8b465ee728b)
Start importing Assets/Imports/KennyUI/blue_boxCross.png using Guid(7015e6ad0e3176244b20992d882fc156) Importer(815301076,1909f56bfc062723c751e8b465ee728b)  -> (artifact id: '0fc1ec453c7504df445ebbb76fd7b6f2') in 0.132551 seconds 
========================================================================
Received Import Request.
  Time since last request: 0.000155 seconds.
  path: Packages/com.unity.collab-proxy/Editor/Collaborate/Assets/Icons/back-dark.png
  artifactKey: Guid(8e3ec2dfd58b79842aa78376678a9a05) Importer(815301076,1909f56bfc062723c751e8b465ee728b)
Start importing Packages/com.unity.collab-proxy/Editor/Collaborate/Assets/Icons/back-dark.png using Guid(8e3ec2dfd58b79842aa78376678a9a05) Importer(815301076,1909f56bfc062723c751e8b465ee728b)  -> (artifact id: '4eface908149ea2cb402de8cea89500d') in 0.320713 seconds 
========================================================================
Received Import Request.
  Time since last request: 0.000053 seconds.
  path: Assets/Imports/KennyUI/blue_button11.png
  artifactKey: Guid(bc93f9432d7d55f458203f50cfe3a6a1) Importer(815301076,1909f56bfc062723c751e8b465ee728b)
Start importing Assets/Imports/KennyUI/blue_button11.png using Guid(bc93f9432d7d55f458203f50cfe3a6a1) Importer(815301076,1909f56bfc062723c751e8b465ee728b)  -> (artifact id: '96d5ea362b8975ef9c96607dc354e229') in 0.049580 seconds 
========================================================================
Received Import Request.
  Time since last request: 0.000234 seconds.
  path: Packages/com.unity.collab-proxy/Editor/Collaborate/Assets/Icons/added-file-dark@2x.png
  artifactKey: Guid(c223e0c507e2c6549a2cb97441b62cbe) Importer(815301076,1909f56bfc062723c751e8b465ee728b)
Start importing Packages/com.unity.collab-proxy/Editor/Collaborate/Assets/Icons/added-file-dark@2x.png using Guid(c223e0c507e2c6549a2cb97441b62cbe) Importer(815301076,1909f56bfc062723c751e8b465ee728b)  -> (artifact id: 'e8e06c26db00369c968d05fed4affe93') in 0.147710 seconds 
========================================================================
Received Import Request.
  Time since last request: 0.000041 seconds.
  path: Assets/Imports/KennyUI/blue_button04.png
  artifactKey: Guid(78baf06642ac6944aaf753cb3a135959) Importer(815301076,1909f56bfc062723c751e8b465ee728b)
Start importing Assets/Imports/KennyUI/blue_button04.png using Guid(78baf06642ac6944aaf753cb3a135959) Importer(815301076,1909f56bfc062723c751e8b465ee728b)  -> (artifact id: '9b712f6cf9997a40910a58cc159f4b42') in 0.093452 seconds 
========================================================================
Received Import Request.
  Time since last request: 7.274443 seconds.
  path: Packages/com.unity.textmeshpro/Editor Resources/Textures/btn_AlignFlush.psd
  artifactKey: Guid(691475c57a824010be0c6f474caeb7e1) Importer(815301076,1909f56bfc062723c751e8b465ee728b)
Start importing Packages/com.unity.textmeshpro/Editor Resources/Textures/btn_AlignFlush.psd using Guid(691475c57a824010be0c6f474caeb7e1) Importer(815301076,1909f56bfc062723c751e8b465ee728b)  -> (artifact id: '7820be8c6f04c2d295e44ac88847d6d3') in 0.026333 seconds 
========================================================================
Received Import Request.
  Time since last request: 0.302713 seconds.
  path: Packages/com.unity.textmeshpro/Editor Resources/Textures/btn_AlignJustified.psd
  artifactKey: Guid(92027f7f8cfc4feaa477da0dc38d3d46) Importer(815301076,1909f56bfc062723c751e8b465ee728b)
Start importing Packages/com.unity.textmeshpro/Editor Resources/Textures/btn_AlignJustified.psd using Guid(92027f7f8cfc4feaa477da0dc38d3d46) Importer(815301076,1909f56bfc062723c751e8b465ee728b)  -> (artifact id: 'f460e962ced0c2974dc46310d9bb518b') in 0.053983 seconds 
========================================================================
Received Import Request.
  Time since last request: 0.892135 seconds.
  path: Packages/com.unity.textmeshpro/Editor Resources/Textures/btn_AlignLeft.psd
  artifactKey: Guid(9288066c33474b94b6ee5465f4df1cc0) Importer(815301076,1909f56bfc062723c751e8b465ee728b)
Start importing Packages/com.unity.textmeshpro/Editor Resources/Textures/btn_AlignLeft.psd using Guid(9288066c33474b94b6ee5465f4df1cc0) Importer(815301076,1909f56bfc062723c751e8b465ee728b)  -> (artifact id: 'a3bbc71d5cb5e8f0624831e2b0ecb9d6') in 0.192398 seconds 
========================================================================
Received Import Request.
  Time since last request: 0.201729 seconds.
  path: Packages/com.unity.textmeshpro/Editor Resources/Textures/btn_AlignMiddle.psd
  artifactKey: Guid(41b96614b2e6494ba995ddcd252d11ae) Importer(815301076,1909f56bfc062723c751e8b465ee728b)
Start importing Packages/com.unity.textmeshpro/Editor Resources/Textures/btn_AlignMiddle.psd using Guid(41b96614b2e6494ba995ddcd252d11ae) Importer(815301076,1909f56bfc062723c751e8b465ee728b)  -> (artifact id: '2f638961cdfd753f39375fbb8df4226f') in 0.055558 seconds 
========================================================================
Received Import Request.
  Time since last request: 0.000065 seconds.
  path: Packages/com.unity.textmeshpro/Editor Resources/Textures/btn_AlignMiddle_Light.psd
  artifactKey: Guid(066619c9c9c84f89acb1b48c11a7efe2) Importer(815301076,1909f56bfc062723c751e8b465ee728b)
Start importing Packages/com.unity.textmeshpro/Editor Resources/Textures/btn_AlignMiddle_Light.psd using Guid(066619c9c9c84f89acb1b48c11a7efe2) Importer(815301076,1909f56bfc062723c751e8b465ee728b)  -> (artifact id: '8b40dbd3141801005ca4e34cb72fc8fc') in 0.060210 seconds 
========================================================================
Received Import Request.
  Time since last request: 0.274415 seconds.
  path: Packages/com.unity.textmeshpro/Editor Resources/Textures/btn_AlignMidLine.psd
  artifactKey: Guid(c2f7f6a88b4c4f20a53deb72f3d9144c) Importer(815301076,1909f56bfc062723c751e8b465ee728b)
Start importing Packages/com.unity.textmeshpro/Editor Resources/Textures/btn_AlignMidLine.psd using Guid(c2f7f6a88b4c4f20a53deb72f3d9144c) Importer(815301076,1909f56bfc062723c751e8b465ee728b)  -> (artifact id: 'fefd25859be951b3b8d49f59e68b46d7') in 0.040701 seconds 
========================================================================
Received Import Request.
  Time since last request: 0.300561 seconds.
  path: Packages/com.unity.textmeshpro/Editor Resources/Textures/btn_AlignRight.psd
  artifactKey: Guid(342a0f8aca7f4f0691338912faec0494) Importer(815301076,1909f56bfc062723c751e8b465ee728b)
Start importing Packages/com.unity.textmeshpro/Editor Resources/Textures/btn_AlignRight.psd using Guid(342a0f8aca7f4f0691338912faec0494) Importer(815301076,1909f56bfc062723c751e8b465ee728b)  -> (artifact id: 'be9b2c6a1a71569d4357c7bd8aed8331') in 0.048484 seconds 
========================================================================
Received Import Request.
  Time since last request: 0.281670 seconds.
  path: Packages/com.unity.textmeshpro/Editor Resources/Textures/btn_AlignTop.psd
  artifactKey: Guid(48d034c499ee4697af9dd6e327110249) Importer(815301076,1909f56bfc062723c751e8b465ee728b)
Start importing Packages/com.unity.textmeshpro/Editor Resources/Textures/btn_AlignTop.psd using Guid(48d034c499ee4697af9dd6e327110249) Importer(815301076,1909f56bfc062723c751e8b465ee728b)  -> (artifact id: '0a946d0a892a48df9b15f3f1e55883b6') in 0.024222 seconds 
========================================================================
Received Import Request.
  Time since last request: 0.299075 seconds.
  path: Packages/com.unity.collab-proxy/Editor/PlasticSCM/Assets/Images/buttonssosigninemail.png
  artifactKey: Guid(d24e7e0b75e1a244bb9687d6fd4315ef) Importer(815301076,1909f56bfc062723c751e8b465ee728b)
Start importing Packages/com.unity.collab-proxy/Editor/PlasticSCM/Assets/Images/buttonssosigninemail.png using Guid(d24e7e0b75e1a244bb9687d6fd4315ef) Importer(815301076,1909f56bfc062723c751e8b465ee728b)  -> (artifact id: 'ce740469100f23f9ada940cb7b2ecc7d') in 0.175064 seconds 
========================================================================
Received Import Request.
  Time since last request: 0.149288 seconds.
  path: Packages/com.unity.collab-proxy/Editor/PlasticSCM/Assets/Images/buttonssosigningoogle.png
  artifactKey: Guid(f09eae8c0ea04254b90c5386a034a225) Importer(815301076,1909f56bfc062723c751e8b465ee728b)
Start importing Packages/com.unity.collab-proxy/Editor/PlasticSCM/Assets/Images/buttonssosigningoogle.png using Guid(f09eae8c0ea04254b90c5386a034a225) Importer(815301076,1909f56bfc062723c751e8b465ee728b)  -> (artifact id: '805cc48a8bf6163914260d61bb29d868') in 0.060262 seconds 
========================================================================
Received Import Request.
  Time since last request: 0.280920 seconds.
  path: Packages/com.unity.collab-proxy/Editor/Collaborate/Assets/Icons/choose-mine-dark.png
  artifactKey: Guid(a972d8b163b45d54b89085acf50327e8) Importer(815301076,1909f56bfc062723c751e8b465ee728b)
Start importing Packages/com.unity.collab-proxy/Editor/Collaborate/Assets/Icons/choose-mine-dark.png using Guid(a972d8b163b45d54b89085acf50327e8) Importer(815301076,1909f56bfc062723c751e8b465ee728b)  -> (artifact id: '8734899187ba7ffa49d1192556849580') in 0.026903 seconds 
========================================================================
Received Import Request.
  Time since last request: 0.762194 seconds.
  path: Packages/com.unity.collab-proxy/Editor/Collaborate/Assets/Icons/choose-mine-light.png
  artifactKey: Guid(2c0bdcbf152ceb64ba9b01cc370a9092) Importer(815301076,1909f56bfc062723c751e8b465ee728b)
Start importing Packages/com.unity.collab-proxy/Editor/Collaborate/Assets/Icons/choose-mine-light.png using Guid(2c0bdcbf152ceb64ba9b01cc370a9092) Importer(815301076,1909f56bfc062723c751e8b465ee728b)  -> (artifact id: '76790d64bfef57541ad6b26e51740012') in 0.041267 seconds 
========================================================================
Received Import Request.
  Time since last request: 0.006398 seconds.
  path: Packages/com.unity.collab-proxy/Editor/Collaborate/Assets/Icons/choose-mine-light@2x.png
  artifactKey: Guid(1bceea0c53eecc244a50615c7958486d) Importer(815301076,1909f56bfc062723c751e8b465ee728b)
Start importing Packages/com.unity.collab-proxy/Editor/Collaborate/Assets/Icons/choose-mine-light@2x.png using Guid(1bceea0c53eecc244a50615c7958486d) Importer(815301076,1909f56bfc062723c751e8b465ee728b)  -> (artifact id: 'a25a2b55b351aef1f98469de208ee9a3') in 0.084726 seconds 
========================================================================
Received Import Request.
  Time since last request: 40.848131 seconds.
  path: Assets/blaster.mat
  artifactKey: Guid(483d534d00815904ab9ca0078c4032f9) Importer(815301076,1909f56bfc062723c751e8b465ee728b)
Start importing Assets/blaster.mat using Guid(483d534d00815904ab9ca0078c4032f9) Importer(815301076,1909f56bfc062723c751e8b465ee728b)  -> (artifact id: 'b8eae24584e528a24d571d6021876167') in 0.153450 seconds 
========================================================================
Received Import Request.
  Time since last request: 38.109977 seconds.
  path: Assets/westar_35_blaster_texture.jpg
  artifactKey: Guid(102c77a28111b58479645f630a5e435b) Importer(815301076,1909f56bfc062723c751e8b465ee728b)
Start importing Assets/westar_35_blaster_texture.jpg using Guid(102c77a28111b58479645f630a5e435b) Importer(815301076,1909f56bfc062723c751e8b465ee728b)  -> (artifact id: 'bb26308894226b8ba5fc30218e4ae997') in 0.265348 seconds 
========================================================================
Received Import Request.
  Time since last request: 32.005030 seconds.
  path: Packages/com.unity.collab-proxy/Editor/Collaborate/Assets/Icons/collaborate-error-dark@2x.png
  artifactKey: Guid(0159d5999f4dc4545848ed42cd775ec4) Importer(815301076,1909f56bfc062723c751e8b465ee728b)
Start importing Packages/com.unity.collab-proxy/Editor/Collaborate/Assets/Icons/collaborate-error-dark@2x.png using Guid(0159d5999f4dc4545848ed42cd775ec4) Importer(815301076,1909f56bfc062723c751e8b465ee728b)  -> (artifact id: '4a64baad89bec1e271eca9967b37bcfc') in 0.045595 seconds 
========================================================================
Received Import Request.
  Time since last request: 0.003340 seconds.
  path: Packages/com.unity.collab-proxy/Editor/Collaborate/Assets/Icons/collaborate-error-light@2x.png
  artifactKey: Guid(d41e3a51c74c48847a8eb97a319afda8) Importer(815301076,1909f56bfc062723c751e8b465ee728b)
Start importing Packages/com.unity.collab-proxy/Editor/Collaborate/Assets/Icons/collaborate-error-light@2x.png using Guid(d41e3a51c74c48847a8eb97a319afda8) Importer(815301076,1909f56bfc062723c751e8b465ee728b)  -> (artifact id: 'a6c14737842d2b0510b8e93dd7cb2ac0') in 0.041654 seconds 
========================================================================
Received Import Request.
  Time since last request: 0.000037 seconds.
  path: Packages/com.unity.collab-proxy/Editor/Collaborate/Assets/Icons/collaborate-incoming-dark@2x.png
  artifactKey: Guid(a9fa02cdd2d760c43a0e69ba0fa49dab) Importer(815301076,1909f56bfc062723c751e8b465ee728b)
Start importing Packages/com.unity.collab-proxy/Editor/Collaborate/Assets/Icons/collaborate-incoming-dark@2x.png using Guid(a9fa02cdd2d760c43a0e69ba0fa49dab) Importer(815301076,1909f56bfc062723c751e8b465ee728b)  -> (artifact id: '26fce7ed1c1b6cc7dd974b475a8c5428') in 0.042547 seconds 
========================================================================
Received Import Request.
  Time since last request: 0.000043 seconds.
  path: Packages/com.unity.collab-proxy/Editor/Collaborate/Assets/Icons/collaborate-incoming-light@2x.png
  artifactKey: Guid(75d22b424580dde41824299bb20d1de1) Importer(815301076,1909f56bfc062723c751e8b465ee728b)
Start importing Packages/com.unity.collab-proxy/Editor/Collaborate/Assets/Icons/collaborate-incoming-light@2x.png using Guid(75d22b424580dde41824299bb20d1de1) Importer(815301076,1909f56bfc062723c751e8b465ee728b)  -> (artifact id: '576057eb86582e677c952299348e5e81') in 0.133953 seconds 
========================================================================
Received Import Request.
  Time since last request: 0.000102 seconds.
  path: Packages/com.unity.collab-proxy/Editor/PlasticSCM/Assets/Images/iconaddedlocal.png
  artifactKey: Guid(9a1ab8af8c446204e989a90f18305caf) Importer(815301076,1909f56bfc062723c751e8b465ee728b)
Start importing Packages/com.unity.collab-proxy/Editor/PlasticSCM/Assets/Images/iconaddedlocal.png using Guid(9a1ab8af8c446204e989a90f18305caf) Importer(815301076,1909f56bfc062723c751e8b465ee728b)  -> (artifact id: 'd7c4486b66896f48e0b50d0d962d3681') in 0.142685 seconds 
========================================================================
Received Import Request.
  Time since last request: 0.000057 seconds.
  path: Packages/com.unity.collab-proxy/Editor/PlasticSCM/Assets/Images/iconaddedoverlay@2x.png
  artifactKey: Guid(74ef721fef79c44489d4e3edb0ab0c01) Importer(815301076,1909f56bfc062723c751e8b465ee728b)
Start importing Packages/com.unity.collab-proxy/Editor/PlasticSCM/Assets/Images/iconaddedoverlay@2x.png using Guid(74ef721fef79c44489d4e3edb0ab0c01) Importer(815301076,1909f56bfc062723c751e8b465ee728b)  -> (artifact id: 'd7922e9655ec2ee8e458429554267442') in 0.045065 seconds 
========================================================================
Received Import Request.
  Time since last request: 0.000037 seconds.
  path: Assets/Imports/KennyUI/grey_button04.png
  artifactKey: Guid(5982f2a45e25567439c6eb27035f0e7d) Importer(815301076,1909f56bfc062723c751e8b465ee728b)
Start importing Assets/Imports/KennyUI/grey_button04.png using Guid(5982f2a45e25567439c6eb27035f0e7d) Importer(815301076,1909f56bfc062723c751e8b465ee728b)  -> (artifact id: '6b0db3180faf04f2b18954075bf814d4') in 0.159919 seconds 
========================================================================
Received Import Request.
  Time since last request: 0.000041 seconds.
  path: Packages/com.unity.collab-proxy/Editor/PlasticSCM/Assets/Images/iconconflicted.png
  artifactKey: Guid(d1c88f142eee55b4eb2b2cfd7b3624ce) Importer(815301076,1909f56bfc062723c751e8b465ee728b)
Start importing Packages/com.unity.collab-proxy/Editor/PlasticSCM/Assets/Images/iconconflicted.png using Guid(d1c88f142eee55b4eb2b2cfd7b3624ce) Importer(815301076,1909f56bfc062723c751e8b465ee728b)  -> (artifact id: 'f276cc91dcd8040c0f8fe6e850d95759') in 0.060294 seconds 
========================================================================
Received Import Request.
  Time since last request: 0.000054 seconds.
  path: Packages/com.unity.collab-proxy/Editor/PlasticSCM/Assets/Images/iconconflicted@2x.png
  artifactKey: Guid(f95f697d66d238446b1ab717def09945) Importer(815301076,1909f56bfc062723c751e8b465ee728b)
Start importing Packages/com.unity.collab-proxy/Editor/PlasticSCM/Assets/Images/iconconflicted@2x.png using Guid(f95f697d66d238446b1ab717def09945) Importer(815301076,1909f56bfc062723c751e8b465ee728b)  -> (artifact id: 'e325f421756f04c22ff75489d15e48e7') in 0.113999 seconds 
========================================================================
Received Import Request.
  Time since last request: 0.000035 seconds.
  path: Packages/com.unity.collab-proxy/Editor/PlasticSCM/Assets/Images/iconplastic.png
  artifactKey: Guid(3042b019b052942a1baf7aa49d7ca6bb) Importer(815301076,1909f56bfc062723c751e8b465ee728b)
Start importing Packages/com.unity.collab-proxy/Editor/PlasticSCM/Assets/Images/iconplastic.png using Guid(3042b019b052942a1baf7aa49d7ca6bb) Importer(815301076,1909f56bfc062723c751e8b465ee728b)  -> (artifact id: '03c02e0e5768e308e988413a6e7834d6') in 0.071679 seconds 
========================================================================
Received Import Request.
  Time since last request: 0.000044 seconds.
  path: Packages/com.unity.collab-proxy/Editor/PlasticSCM/Assets/Images/iconplasticview.png
  artifactKey: Guid(dcb2ee37925b97e438ae244996d81a55) Importer(815301076,1909f56bfc062723c751e8b465ee728b)
Start importing Packages/com.unity.collab-proxy/Editor/PlasticSCM/Assets/Images/iconplasticview.png using Guid(dcb2ee37925b97e438ae244996d81a55) Importer(815301076,1909f56bfc062723c751e8b465ee728b)  -> (artifact id: '5386fade3f8767c8a21406a9e66325d6') in 0.420738 seconds 
========================================================================
Received Import Request.
  Time since last request: 0.000055 seconds.
  path: Packages/com.unity.collab-proxy/Editor/PlasticSCM/Assets/Images/secondarytabclosehover.png
  artifactKey: Guid(8fac55fff4ce5fa40a7b2efefc0e617a) Importer(815301076,1909f56bfc062723c751e8b465ee728b)
Start importing Packages/com.unity.collab-proxy/Editor/PlasticSCM/Assets/Images/secondarytabclosehover.png using Guid(8fac55fff4ce5fa40a7b2efefc0e617a) Importer(815301076,1909f56bfc062723c751e8b465ee728b)  -> (artifact id: 'f45e6bbfaed375f6a26be9dfa42258a7') in 0.077418 seconds 
========================================================================
Received Import Request.
  Time since last request: 0.000032 seconds.
  path: Packages/com.unity.collab-proxy/Editor/Collaborate/Assets/Icons/search-light.png
  artifactKey: Guid(5ce43a8ae9d640f4cb77136d601fc0d8) Importer(815301076,1909f56bfc062723c751e8b465ee728b)
Start importing Packages/com.unity.collab-proxy/Editor/Collaborate/Assets/Icons/search-light.png using Guid(5ce43a8ae9d640f4cb77136d601fc0d8) Importer(815301076,1909f56bfc062723c751e8b465ee728b)  -> (artifact id: 'c9687b3007497fe632f055d83189238b') in 0.050590 seconds 
========================================================================
Received Import Request.
  Time since last request: 0.000042 seconds.
  path: Packages/com.unity.timeline/Editor/StyleSheets/Images/DarkSkin/TimelineContinue.png
  artifactKey: Guid(f747f9cdf03f2ff418fe728a77e8cbef) Importer(815301076,1909f56bfc062723c751e8b465ee728b)
Start importing Packages/com.unity.timeline/Editor/StyleSheets/Images/DarkSkin/TimelineContinue.png using Guid(f747f9cdf03f2ff418fe728a77e8cbef) Importer(815301076,1909f56bfc062723c751e8b465ee728b)  -> (artifact id: '0d7525e53009d68036d2737792a62d1a') in 0.213317 seconds 
========================================================================
Received Import Request.
  Time since last request: 0.000043 seconds.
  path: Packages/com.unity.textmeshpro/Editor Resources/Textures/SectionHeader_Dark.psd
  artifactKey: Guid(fb5730e24283d0c489e5c7d0bee023d9) Importer(815301076,1909f56bfc062723c751e8b465ee728b)
Start importing Packages/com.unity.textmeshpro/Editor Resources/Textures/SectionHeader_Dark.psd using Guid(fb5730e24283d0c489e5c7d0bee023d9) Importer(815301076,1909f56bfc062723c751e8b465ee728b)  -> (artifact id: '659e8a6471127529940ef925a9934ab1') in 0.110361 seconds 
========================================================================
Received Import Request.
  Time since last request: 0.000062 seconds.
  path: Packages/com.unity.timeline/Editor/StyleSheets/Images/LightSkin/TimelineDisabledBackground.png
  artifactKey: Guid(0304baf8d224f3e47b22d872c8dcd412) Importer(815301076,1909f56bfc062723c751e8b465ee728b)
Start importing Packages/com.unity.timeline/Editor/StyleSheets/Images/LightSkin/TimelineDisabledBackground.png using Guid(0304baf8d224f3e47b22d872c8dcd412) Importer(815301076,1909f56bfc062723c751e8b465ee728b)  -> (artifact id: 'aba86849302f6a515b7d61677812b63f') in 0.038273 seconds 
========================================================================
Received Import Request.
  Time since last request: 0.000036 seconds.
  path: Packages/com.unity.timeline/Editor/StyleSheets/Images/LightSkin/TimelineMarkerItemSelected.png
  artifactKey: Guid(b6e9dc9aad5843748a0124b8925c3743) Importer(815301076,1909f56bfc062723c751e8b465ee728b)
Start importing Packages/com.unity.timeline/Editor/StyleSheets/Images/LightSkin/TimelineMarkerItemSelected.png using Guid(b6e9dc9aad5843748a0124b8925c3743) Importer(815301076,1909f56bfc062723c751e8b465ee728b)  -> (artifact id: '25208015bf2818cc90e1eb5605ba82aa') in 0.039846 seconds 
========================================================================
Received Import Request.
  Time since last request: 0.000032 seconds.
  path: Packages/com.unity.collab-proxy/Editor/Collaborate/Assets/Icons/merge-conflicts-light.png
  artifactKey: Guid(d876c6d477e3c3b4891cdee8f10ecaf1) Importer(815301076,1909f56bfc062723c751e8b465ee728b)
Start importing Packages/com.unity.collab-proxy/Editor/Collaborate/Assets/Icons/merge-conflicts-light.png using Guid(d876c6d477e3c3b4891cdee8f10ecaf1) Importer(815301076,1909f56bfc062723c751e8b465ee728b)  -> (artifact id: '67a2a7c38a530ce8d302afb9a89bca66') in 0.039416 seconds 
========================================================================
Received Import Request.
  Time since last request: 0.000038 seconds.
  path: Packages/com.unity.timeline/Editor/StyleSheets/Images/LightSkin/TimelinePingPong.png
  artifactKey: Guid(88d697f38121de443ba144702e5122d9) Importer(815301076,1909f56bfc062723c751e8b465ee728b)
Start importing Packages/com.unity.timeline/Editor/StyleSheets/Images/LightSkin/TimelinePingPong.png using Guid(88d697f38121de443ba144702e5122d9) Importer(815301076,1909f56bfc062723c751e8b465ee728b)  -> (artifact id: '8975450ea5dbd14d65acef790deda243') in 0.157459 seconds 
========================================================================
Received Import Request.
  Time since last request: 0.000034 seconds.
  path: Packages/com.unity.timeline/Editor/StyleSheets/Images/DarkSkin/TimelineSignalCollapsed.png
  artifactKey: Guid(d91793cd853a258448e4d5545bb38e45) Importer(815301076,1909f56bfc062723c751e8b465ee728b)
Start importing Packages/com.unity.timeline/Editor/StyleSheets/Images/DarkSkin/TimelineSignalCollapsed.png using Guid(d91793cd853a258448e4d5545bb38e45) Importer(815301076,1909f56bfc062723c751e8b465ee728b)  -> (artifact id: '8a7ba0fb9b9308a980a789023d50756d') in 0.096848 seconds 
========================================================================
Received Import Request.
  Time since last request: 0.000056 seconds.
  path: Packages/com.unity.timeline/Editor/StyleSheets/Images/LightSkin/TimelineTimeCursor.png
  artifactKey: Guid(ed665472b4fee2043a5c1cc802beaa8e) Importer(815301076,1909f56bfc062723c751e8b465ee728b)
Start importing Packages/com.unity.timeline/Editor/StyleSheets/Images/LightSkin/TimelineTimeCursor.png using Guid(ed665472b4fee2043a5c1cc802beaa8e) Importer(815301076,1909f56bfc062723c751e8b465ee728b)  -> (artifact id: 'c6177b35cfc92f43be00efa21ab1caa2') in 0.261041 seconds 
========================================================================
Received Import Request.
  Time since last request: 0.000034 seconds.
  path: Packages/com.unity.collab-proxy/Editor/PlasticSCM/Assets/Images/secondarytabclose.png
  artifactKey: Guid(03cefa94d5aa9d74993fb2138af9d607) Importer(815301076,1909f56bfc062723c751e8b465ee728b)
Start importing Packages/com.unity.collab-proxy/Editor/PlasticSCM/Assets/Images/secondarytabclose.png using Guid(03cefa94d5aa9d74993fb2138af9d607) Importer(815301076,1909f56bfc062723c751e8b465ee728b)  -> (artifact id: '11d78843c1f326ff662122462a14806b') in 0.043117 seconds 
========================================================================
Received Import Request.
  Time since last request: 0.000053 seconds.
  path: Packages/com.unity.collab-proxy/Editor/Collaborate/Assets/Icons/merge-light.png
  artifactKey: Guid(cd20fda32910f2942bd0231aa038b0bf) Importer(815301076,1909f56bfc062723c751e8b465ee728b)
Start importing Packages/com.unity.collab-proxy/Editor/Collaborate/Assets/Icons/merge-light.png using Guid(cd20fda32910f2942bd0231aa038b0bf) Importer(815301076,1909f56bfc062723c751e8b465ee728b)  -> (artifact id: '8e3ef8e97522c4042a9ebf181d5829e4') in 0.179502 seconds 
========================================================================
Received Import Request.
  Time since last request: 0.000070 seconds.
  path: Packages/com.unity.timeline/Editor/StyleSheets/Images/Icons/TrackAvatarButtonEnabled@2x.png
  artifactKey: Guid(51bf5f55a8a01e546bf6092b54fdae20) Importer(815301076,1909f56bfc062723c751e8b465ee728b)
Start importing Packages/com.unity.timeline/Editor/StyleSheets/Images/Icons/TrackAvatarButtonEnabled@2x.png using Guid(51bf5f55a8a01e546bf6092b54fdae20) Importer(815301076,1909f56bfc062723c751e8b465ee728b)  -> (artifact id: '1278d25745ec4f3dd4005d6afa45501c') in 0.073301 seconds 
========================================================================
Received Import Request.
  Time since last request: 0.000057 seconds.
  path: Packages/com.unity.collab-proxy/Editor/Collaborate/Assets/Icons/search-light@2x.png
  artifactKey: Guid(fa5b15174efac1a499b91afa33c625fb) Importer(815301076,1909f56bfc062723c751e8b465ee728b)
Start importing Packages/com.unity.collab-proxy/Editor/Collaborate/Assets/Icons/search-light@2x.png using Guid(fa5b15174efac1a499b91afa33c625fb) Importer(815301076,1909f56bfc062723c751e8b465ee728b)  -> (artifact id: '4b9170b66ed01d6c6ef9941ba066b657') in 0.167861 seconds 
========================================================================
Received Import Request.
  Time since last request: 0.000055 seconds.
  path: Packages/com.unity.timeline/Editor/StyleSheets/Images/Icons/TrackLockButtonEnabled@2x.png
  artifactKey: Guid(b8c531b4e51e4994a81837c4e9b0d649) Importer(815301076,1909f56bfc062723c751e8b465ee728b)
Start importing Packages/com.unity.timeline/Editor/StyleSheets/Images/Icons/TrackLockButtonEnabled@2x.png using Guid(b8c531b4e51e4994a81837c4e9b0d649) Importer(815301076,1909f56bfc062723c751e8b465ee728b)  -> (artifact id: '3c9cad31ebd528946f4a27789d90dae4') in 0.146672 seconds 
========================================================================
Received Import Request.
  Time since last request: 0.000037 seconds.
  path: Packages/com.unity.timeline/Editor/StyleSheets/Images/Icons/TrackMuteButtonDisabled@2x.png
  artifactKey: Guid(db31466324572e740a431e4e0e03a016) Importer(815301076,1909f56bfc062723c751e8b465ee728b)
Start importing Packages/com.unity.timeline/Editor/StyleSheets/Images/Icons/TrackMuteButtonDisabled@2x.png using Guid(db31466324572e740a431e4e0e03a016) Importer(815301076,1909f56bfc062723c751e8b465ee728b)  -> (artifact id: 'e8118dac0a74fed496004e266073613c') in 0.109866 seconds 
========================================================================
Received Import Request.
  Time since last request: 0.000050 seconds.
  path: Packages/com.unity.timeline/Editor/StyleSheets/Images/Icons/TrackRecordButtonDisabled@2x.png
  artifactKey: Guid(6091f9516d23100479c03bca26138bc8) Importer(815301076,1909f56bfc062723c751e8b465ee728b)
Start importing Packages/com.unity.timeline/Editor/StyleSheets/Images/Icons/TrackRecordButtonDisabled@2x.png using Guid(6091f9516d23100479c03bca26138bc8) Importer(815301076,1909f56bfc062723c751e8b465ee728b)  -> (artifact id: '2b928f394c164a6aa07a93c069ee3064') in 0.113511 seconds 
========================================================================
Received Import Request.
  Time since last request: 0.000047 seconds.
  path: Packages/com.unity.timeline/Editor/StyleSheets/Images/Icons/TrackMarkerButtonEnabled@2x.png
  artifactKey: Guid(c35a22ede3f5feb488bf69587ddc36ed) Importer(815301076,1909f56bfc062723c751e8b465ee728b)
Start importing Packages/com.unity.timeline/Editor/StyleSheets/Images/Icons/TrackMarkerButtonEnabled@2x.png using Guid(c35a22ede3f5feb488bf69587ddc36ed) Importer(815301076,1909f56bfc062723c751e8b465ee728b)  -> (artifact id: '23a8c2c09152ce09fe898b3024c304b5') in 0.266996 seconds 
========================================================================
Received Import Request.
  Time since last request: 0.000298 seconds.
  path: Assets/Imports/KennyUI/yellow_boxCross.png
  artifactKey: Guid(579c7287dc80ef04e8fbefa9a795fe0b) Importer(815301076,1909f56bfc062723c751e8b465ee728b)
Start importing Assets/Imports/KennyUI/yellow_boxCross.png using Guid(579c7287dc80ef04e8fbefa9a795fe0b) Importer(815301076,1909f56bfc062723c751e8b465ee728b)  -> (artifact id: '33c7d8931f1abbbd537960e620de4c91') in 0.322714 seconds 
========================================================================
Received Import Request.
  Time since last request: 0.000043 seconds.
  path: Assets/Imports/KennyUI/yellow_button00.png
  artifactKey: Guid(a9fecda7c8b21834b9130ce60afb021e) Importer(815301076,1909f56bfc062723c751e8b465ee728b)
Start importing Assets/Imports/KennyUI/yellow_button00.png using Guid(a9fecda7c8b21834b9130ce60afb021e) Importer(815301076,1909f56bfc062723c751e8b465ee728b)  -> (artifact id: '627c836eaa451afa1be646706971c4b0') in 0.093968 seconds 
========================================================================
Received Import Request.
  Time since last request: 0.000045 seconds.
  path: Assets/Imports/KennyUI/yellow_button02.png
  artifactKey: Guid(d889f9e7542ad2d4eb7a8a64adcaa242) Importer(815301076,1909f56bfc062723c751e8b465ee728b)
Start importing Assets/Imports/KennyUI/yellow_button02.png using Guid(d889f9e7542ad2d4eb7a8a64adcaa242) Importer(815301076,1909f56bfc062723c751e8b465ee728b)  -> (artifact id: '79f9c1d023c654bd68edbeea0295fa1a') in 0.028510 seconds 
========================================================================
Received Import Request.
  Time since last request: 0.000034 seconds.
  path: Assets/Imports/KennyUI/yellow_button09.png
  artifactKey: Guid(213eb0c132e028b45ad717a513188f6b) Importer(815301076,1909f56bfc062723c751e8b465ee728b)
Start importing Assets/Imports/KennyUI/yellow_button09.png using Guid(213eb0c132e028b45ad717a513188f6b) Importer(815301076,1909f56bfc062723c751e8b465ee728b)  -> (artifact id: '57f6a0360827dcf36981f4868a2aee60') in 0.024389 seconds 
========================================================================
Received Import Request.
  Time since last request: 0.000043 seconds.
  path: Packages/com.unity.collab-proxy/Editor/PlasticSCM/Assets/Images/iconconflictedoverlay@2x.png
  artifactKey: Guid(5679a74364f6b4440ab7e7aed55cd95e) Importer(815301076,1909f56bfc062723c751e8b465ee728b)
Start importing Packages/com.unity.collab-proxy/Editor/PlasticSCM/Assets/Images/iconconflictedoverlay@2x.png using Guid(5679a74364f6b4440ab7e7aed55cd95e) Importer(815301076,1909f56bfc062723c751e8b465ee728b)  -> (artifact id: 'df670c60c69f3e29ca8b9ef3a5ff982c') in 0.101115 seconds 
========================================================================
Received Import Request.
  Time since last request: 0.000036 seconds.
  path: Packages/com.unity.timeline/Editor/StyleSheets/Images/LightSkin/TimelineSignalCollapsed.png
  artifactKey: Guid(a88fa20ed164bbe4da6bf533f94a3113) Importer(815301076,1909f56bfc062723c751e8b465ee728b)
Start importing Packages/com.unity.timeline/Editor/StyleSheets/Images/LightSkin/TimelineSignalCollapsed.png using Guid(a88fa20ed164bbe4da6bf533f94a3113) Importer(815301076,1909f56bfc062723c751e8b465ee728b)  -> (artifact id: '7c1566bb3a71d39ebbb40c5bc6eb1015') in 0.047703 seconds 
========================================================================
Received Import Request.
  Time since last request: 0.000376 seconds.
  path: Packages/com.unity.timeline/Editor/StyleSheets/Images/Icons/TrackCurvesButtonEnabled.png
  artifactKey: Guid(9589d5d9eb09dec43b2ad51af4e78b1e) Importer(815301076,1909f56bfc062723c751e8b465ee728b)
Start importing Packages/com.unity.timeline/Editor/StyleSheets/Images/Icons/TrackCurvesButtonEnabled.png using Guid(9589d5d9eb09dec43b2ad51af4e78b1e) Importer(815301076,1909f56bfc062723c751e8b465ee728b)  -> (artifact id: 'da61d29e0be69b9b7c117f883143137b') in 0.053913 seconds 
========================================================================
Received Import Request.
  Time since last request: 0.000049 seconds.
  path: Packages/com.unity.collab-proxy/Editor/PlasticSCM/Assets/Images/iconoutofsyncoverlay@2x.png
  artifactKey: Guid(3728580c149181a44b359e89f6edacae) Importer(815301076,1909f56bfc062723c751e8b465ee728b)
Start importing Packages/com.unity.collab-proxy/Editor/PlasticSCM/Assets/Images/iconoutofsyncoverlay@2x.png using Guid(3728580c149181a44b359e89f6edacae) Importer(815301076,1909f56bfc062723c751e8b465ee728b)  -> (artifact id: '21680466e2a7eba1a812ec815b757a6a') in 0.045068 seconds 
========================================================================
Received Import Request.
  Time since last request: 0.000034 seconds.
  path: Packages/com.unity.collab-proxy/Editor/Collaborate/Assets/Icons/search-dark@2x.png
  artifactKey: Guid(09996e28fa830fb4283b19f26584c9f2) Importer(815301076,1909f56bfc062723c751e8b465ee728b)
Start importing Packages/com.unity.collab-proxy/Editor/Collaborate/Assets/Icons/search-dark@2x.png using Guid(09996e28fa830fb4283b19f26584c9f2) Importer(815301076,1909f56bfc062723c751e8b465ee728b)  -> (artifact id: '1ad859783b7a86989d6d98de0764aba9') in 0.034894 seconds 
========================================================================
Received Import Request.
  Time since last request: 0.000032 seconds.
  path: Packages/com.unity.timeline/Editor/StyleSheets/Images/Icons/TrackMarkerButtonDisabled@2x.png
  artifactKey: Guid(193dae938a3136440b693b45a2494737) Importer(815301076,1909f56bfc062723c751e8b465ee728b)
Start importing Packages/com.unity.timeline/Editor/StyleSheets/Images/Icons/TrackMarkerButtonDisabled@2x.png using Guid(193dae938a3136440b693b45a2494737) Importer(815301076,1909f56bfc062723c751e8b465ee728b)  -> (artifact id: '98163c807880e7704baf7fbaeec2a376') in 0.163168 seconds 
========================================================================
Received Import Request.
  Time since last request: 0.000040 seconds.
  path: Assets/Imports/KennyUI/grey_tickGrey.png
  artifactKey: Guid(df60eb99f9813614794037a0df9c8741) Importer(815301076,1909f56bfc062723c751e8b465ee728b)
Start importing Assets/Imports/KennyUI/grey_tickGrey.png using Guid(df60eb99f9813614794037a0df9c8741) Importer(815301076,1909f56bfc062723c751e8b465ee728b)  -> (artifact id: '4fcef4df28c4c588125dc315d43672bd') in 0.045921 seconds 
========================================================================
Received Import Request.
  Time since last request: 0.000057 seconds.
  path: Assets/Imports/KennyUI/grey_tickWhite.png
  artifactKey: Guid(1a84ebd092adba64b835800766ed7e3b) Importer(815301076,1909f56bfc062723c751e8b465ee728b)
Start importing Assets/Imports/KennyUI/grey_tickWhite.png using Guid(1a84ebd092adba64b835800766ed7e3b) Importer(815301076,1909f56bfc062723c751e8b465ee728b)  -> (artifact id: '3f0882d080e123aa11baea57e4709f6c') in 0.047885 seconds 
========================================================================
Received Import Request.
  Time since last request: 0.000041 seconds.
  path: Assets/Imports/KennyUI/yellow_checkmark.png
  artifactKey: Guid(f1909da7125577844be7483442541d6f) Importer(815301076,1909f56bfc062723c751e8b465ee728b)
Start importing Assets/Imports/KennyUI/yellow_checkmark.png using Guid(f1909da7125577844be7483442541d6f) Importer(815301076,1909f56bfc062723c751e8b465ee728b)  -> (artifact id: 'ff71c206208de0e85ba10610fdc2b8b8') in 0.136271 seconds 
========================================================================
Received Import Request.
  Time since last request: 0.000343 seconds.
  path: Assets/Imports/KennyUI/yellow_button06.png
  artifactKey: Guid(a6b3862d8606c324c99ac8276d400f0c) Importer(815301076,1909f56bfc062723c751e8b465ee728b)
Start importing Assets/Imports/KennyUI/yellow_button06.png using Guid(a6b3862d8606c324c99ac8276d400f0c) Importer(815301076,1909f56bfc062723c751e8b465ee728b)  -> (artifact id: '2c52f3b5f0c4a79637a67f396cc45e91') in 0.178024 seconds 
========================================================================
Received Import Request.
  Time since last request: 0.000041 seconds.
  path: Packages/com.unity.collab-proxy/Editor/Collaborate/Assets/Icons/merge-dark@2x.png
  artifactKey: Guid(6b972fca7700d6748b66eb72f2072e74) Importer(815301076,1909f56bfc062723c751e8b465ee728b)
Start importing Packages/com.unity.collab-proxy/Editor/Collaborate/Assets/Icons/merge-dark@2x.png using Guid(6b972fca7700d6748b66eb72f2072e74) Importer(815301076,1909f56bfc062723c751e8b465ee728b)  -> (artifact id: 'bb7b09fe37c151218365667307353907') in 0.126266 seconds 
========================================================================
Received Import Request.
  Time since last request: 0.000443 seconds.
  path: Packages/com.unity.textmeshpro/Editor Resources/Gizmos/TMP - Input Field Icon.psd
  artifactKey: Guid(3ee40aa79cd242a5b53b0b0ca4f13f0f) Importer(815301076,1909f56bfc062723c751e8b465ee728b)
Start importing Packages/com.unity.textmeshpro/Editor Resources/Gizmos/TMP - Input Field Icon.psd using Guid(3ee40aa79cd242a5b53b0b0ca4f13f0f) Importer(815301076,1909f56bfc062723c751e8b465ee728b)  -> (artifact id: 'aa375b48bea345c5571f97e65cc9376b') in 0.105127 seconds 
========================================================================
Received Import Request.
  Time since last request: 0.000687 seconds.
  path: Packages/com.unity.collab-proxy/Editor/PlasticSCM/Assets/Images/icondeletedremote.png
  artifactKey: Guid(b85a4b2ec6433d04895612d791edc260) Importer(815301076,1909f56bfc062723c751e8b465ee728b)
Start importing Packages/com.unity.collab-proxy/Editor/PlasticSCM/Assets/Images/icondeletedremote.png using Guid(b85a4b2ec6433d04895612d791edc260) Importer(815301076,1909f56bfc062723c751e8b465ee728b)  -> (artifact id: '38054dbc57f3a2ecdb185a31a4140332') in 0.328599 seconds 
========================================================================
Received Import Request.
  Time since last request: 0.000046 seconds.
  path: Packages/com.unity.timeline/Editor/StyleSheets/Images/Icons/TimelineSignal.png
  artifactKey: Guid(15845fb26c2846947b4dedb9fb348cc1) Importer(815301076,1909f56bfc062723c751e8b465ee728b)
Start importing Packages/com.unity.timeline/Editor/StyleSheets/Images/Icons/TimelineSignal.png using Guid(15845fb26c2846947b4dedb9fb348cc1) Importer(815301076,1909f56bfc062723c751e8b465ee728b)  -> (artifact id: '9a5c3b1fc3d721d9462721cba20821f8') in 0.167202 seconds 
========================================================================
Received Import Request.
  Time since last request: 0.000080 seconds.
  path: Packages/com.unity.textmeshpro/Editor Resources/Gizmos/TMP - Sprite Asset Icon.psd
  artifactKey: Guid(ec7c645d93308c04d8840982af12101e) Importer(815301076,1909f56bfc062723c751e8b465ee728b)
Start importing Packages/com.unity.textmeshpro/Editor Resources/Gizmos/TMP - Sprite Asset Icon.psd using Guid(ec7c645d93308c04d8840982af12101e) Importer(815301076,1909f56bfc062723c751e8b465ee728b)  -> (artifact id: '0008d928a8abec39e16a28be255fff94') in 0.143404 seconds 
========================================================================
Received Import Request.
  Time since last request: 0.000035 seconds.
  path: Assets/Imports/KennyUI/yellow_button12.png
  artifactKey: Guid(d696c6a2de79beb4da140f5b7e0d0dc6) Importer(815301076,1909f56bfc062723c751e8b465ee728b)
Start importing Assets/Imports/KennyUI/yellow_button12.png using Guid(d696c6a2de79beb4da140f5b7e0d0dc6) Importer(815301076,1909f56bfc062723c751e8b465ee728b)  -> (artifact id: '75c39f606d20b6621551d43fa5d02343') in 0.147103 seconds 
========================================================================
Received Import Request.
  Time since last request: 0.000049 seconds.
  path: Assets/Imports/KennyUI/yellow_sliderRight.png
  artifactKey: Guid(28f1a469248a674479a4a13c8d0de773) Importer(815301076,1909f56bfc062723c751e8b465ee728b)
Start importing Assets/Imports/KennyUI/yellow_sliderRight.png using Guid(28f1a469248a674479a4a13c8d0de773) Importer(815301076,1909f56bfc062723c751e8b465ee728b)  -> (artifact id: 'c956ba51d856f84b5419e22cd0ca2ed0') in 0.142608 seconds 
========================================================================
Received Import Request.
  Time since last request: 0.000077 seconds.
  path: Packages/com.unity.timeline/Editor/StyleSheets/Images/Icons/TimelineSelector.png
  artifactKey: Guid(73f5ebb64da7b2a40ab6bffac80f1a61) Importer(815301076,1909f56bfc062723c751e8b465ee728b)
Start importing Packages/com.unity.timeline/Editor/StyleSheets/Images/Icons/TimelineSelector.png using Guid(73f5ebb64da7b2a40ab6bffac80f1a61) Importer(815301076,1909f56bfc062723c751e8b465ee728b)  -> (artifact id: '5a54d2d5eb998b12ab2f61d923d5cd1c') in 0.113515 seconds 
========================================================================
Received Import Request.
  Time since last request: 0.000049 seconds.
  path: Packages/com.unity.timeline/Editor/StyleSheets/Images/Icons/TrackCurvesButtonDisabled.png
  artifactKey: Guid(f0f8ff8921b22a74a8c79d955ace248d) Importer(815301076,1909f56bfc062723c751e8b465ee728b)
Start importing Packages/com.unity.timeline/Editor/StyleSheets/Images/Icons/TrackCurvesButtonDisabled.png using Guid(f0f8ff8921b22a74a8c79d955ace248d) Importer(815301076,1909f56bfc062723c751e8b465ee728b)  -> (artifact id: '723a87107b6746e050cf625f5585e38b') in 0.088697 seconds 
========================================================================
Received Import Request.
  Time since last request: 0.000066 seconds.
  path: Packages/com.unity.collab-proxy/Editor/Collaborate/Assets/Icons/undo-dark@2x.png
  artifactKey: Guid(9af18154bd2effd4f813d58651798b5d) Importer(815301076,1909f56bfc062723c751e8b465ee728b)
Start importing Packages/com.unity.collab-proxy/Editor/Collaborate/Assets/Icons/undo-dark@2x.png using Guid(9af18154bd2effd4f813d58651798b5d) Importer(815301076,1909f56bfc062723c751e8b465ee728b)  -> (artifact id: '184a9a6e7caf6a4d20cd07fb3b3b4c8c') in 0.129788 seconds 
========================================================================
Received Import Request.
  Time since last request: 0.000062 seconds.
  path: Assets/Imports/KennyUI/yellow_panel.png
  artifactKey: Guid(74628709b20fcd2469131881695b742a) Importer(815301076,1909f56bfc062723c751e8b465ee728b)
Start importing Assets/Imports/KennyUI/yellow_panel.png using Guid(74628709b20fcd2469131881695b742a) Importer(815301076,1909f56bfc062723c751e8b465ee728b)  -> (artifact id: 'e14a8b0630e20a7a15bdf3cec681b2f3') in 0.185589 seconds 
========================================================================
Received Import Request.
  Time since last request: 0.000037 seconds.
  path: Assets/Imports/KennyUI/yellow_button03.png
  artifactKey: Guid(7cde8b1e2064df5498164f760a605b33) Importer(815301076,1909f56bfc062723c751e8b465ee728b)
Start importing Assets/Imports/KennyUI/yellow_button03.png using Guid(7cde8b1e2064df5498164f760a605b33) Importer(815301076,1909f56bfc062723c751e8b465ee728b)  -> (artifact id: 'f09eff527e734231c4e49f023e58b04c') in 0.145343 seconds 
========================================================================
Received Import Request.
  Time since last request: 0.000064 seconds.
  path: Packages/com.unity.collab-proxy/Editor/Collaborate/Assets/Icons/merge-conflicts-dark@2x.png
  artifactKey: Guid(7dc96f2ba3659a64eb632128d0705ddc) Importer(815301076,1909f56bfc062723c751e8b465ee728b)
Start importing Packages/com.unity.collab-proxy/Editor/Collaborate/Assets/Icons/merge-conflicts-dark@2x.png using Guid(7dc96f2ba3659a64eb632128d0705ddc) Importer(815301076,1909f56bfc062723c751e8b465ee728b)  -> (artifact id: '75f20ec23cb9089bc17cf48569d37c2c') in 0.405414 seconds 
========================================================================
Received Import Request.
  Time since last request: 0.001321 seconds.
  path: Packages/com.unity.collab-proxy/Editor/PlasticSCM/Assets/Images/iconplasticview@2x.png
  artifactKey: Guid(97a4e2b6ae08b1140a5ba9e22953e029) Importer(815301076,1909f56bfc062723c751e8b465ee728b)
Start importing Packages/com.unity.collab-proxy/Editor/PlasticSCM/Assets/Images/iconplasticview@2x.png using Guid(97a4e2b6ae08b1140a5ba9e22953e029) Importer(815301076,1909f56bfc062723c751e8b465ee728b)  -> (artifact id: 'afc882dcfc68a10294a07080c9207afc') in 0.132474 seconds 
========================================================================
Received Import Request.
  Time since last request: 0.000039 seconds.
  path: Packages/com.unity.collab-proxy/Editor/Collaborate/Assets/Icons/revert-asset-light@2x.png
  artifactKey: Guid(e6e5a841174ef8f44a853b724cc52b4f) Importer(815301076,1909f56bfc062723c751e8b465ee728b)
Start importing Packages/com.unity.collab-proxy/Editor/Collaborate/Assets/Icons/revert-asset-light@2x.png using Guid(e6e5a841174ef8f44a853b724cc52b4f) Importer(815301076,1909f56bfc062723c751e8b465ee728b)  -> (artifact id: '2d3026fede2dd24d36635937d550d550') in 0.513554 seconds 
========================================================================
Received Import Request.
  Time since last request: 0.000053 seconds.
  path: Packages/com.unity.timeline/Editor/StyleSheets/Images/Icons/TrackMuteButtonEnabled.png
  artifactKey: Guid(81e8b4a4bcbf7a14898e2658fd827642) Importer(815301076,1909f56bfc062723c751e8b465ee728b)
Start importing Packages/com.unity.timeline/Editor/StyleSheets/Images/Icons/TrackMuteButtonEnabled.png using Guid(81e8b4a4bcbf7a14898e2658fd827642) Importer(815301076,1909f56bfc062723c751e8b465ee728b)  -> (artifact id: 'c8bd099a0bc5fe52a5f936e4a9589cd0') in 0.105981 seconds 
========================================================================
Received Import Request.
  Time since last request: 0.000058 seconds.
  path: Packages/com.unity.collab-proxy/Editor/Collaborate/Assets/Icons/collaborate-light@2x.png
  artifactKey: Guid(837c493ae228aaf4d977e9138707008d) Importer(815301076,1909f56bfc062723c751e8b465ee728b)
Start importing Packages/com.unity.collab-proxy/Editor/Collaborate/Assets/Icons/collaborate-light@2x.png using Guid(837c493ae228aaf4d977e9138707008d) Importer(815301076,1909f56bfc062723c751e8b465ee728b)  -> (artifact id: 'd191cf4cc7229030c7e64b025f80af49') in 0.244078 seconds 
========================================================================
Received Import Request.
  Time since last request: 0.000045 seconds.
  path: Assets/Imports/KennyUI/grey_button03.png
  artifactKey: Guid(72018ec99e5e13e43b5f1a0377c89ffb) Importer(815301076,1909f56bfc062723c751e8b465ee728b)
Start importing Assets/Imports/KennyUI/grey_button03.png using Guid(72018ec99e5e13e43b5f1a0377c89ffb) Importer(815301076,1909f56bfc062723c751e8b465ee728b)  -> (artifact id: '371ff17e4d3b00fbf14d21d2bbef70a7') in 0.088203 seconds 
========================================================================
Received Import Request.
  Time since last request: 0.000059 seconds.
  path: Packages/com.unity.textmeshpro/Editor Resources/Textures/SectionHeader_Light.psd
  artifactKey: Guid(e3b0f810fdea84e40ab4ba20f256f7e8) Importer(815301076,1909f56bfc062723c751e8b465ee728b)
Start importing Packages/com.unity.textmeshpro/Editor Resources/Textures/SectionHeader_Light.psd using Guid(e3b0f810fdea84e40ab4ba20f256f7e8) Importer(815301076,1909f56bfc062723c751e8b465ee728b)  -> (artifact id: '5fbba2053e132cdb6ce096158dea431a') in 0.156447 seconds 
========================================================================
Received Import Request.
  Time since last request: 0.000613 seconds.
  path: Packages/com.unity.timeline/Editor/StyleSheets/Images/DarkSkin/TimelinePingPong.png
  artifactKey: Guid(d3b5c4f7d6b94f64085b3713bffa680e) Importer(815301076,1909f56bfc062723c751e8b465ee728b)
Start importing Packages/com.unity.timeline/Editor/StyleSheets/Images/DarkSkin/TimelinePingPong.png using Guid(d3b5c4f7d6b94f64085b3713bffa680e) Importer(815301076,1909f56bfc062723c751e8b465ee728b)  -> (artifact id: '22666e8adac329a281e187e810f235e7') in 0.113166 seconds 
========================================================================
Received Import Request.
  Time since last request: 0.000042 seconds.
  path: Packages/com.unity.collab-proxy/Editor/PlasticSCM/Assets/Images/iconaddedlocal@2x.png
  artifactKey: Guid(a67b58d6cddcd4345b1e001340de5a76) Importer(815301076,1909f56bfc062723c751e8b465ee728b)
Start importing Packages/com.unity.collab-proxy/Editor/PlasticSCM/Assets/Images/iconaddedlocal@2x.png using Guid(a67b58d6cddcd4345b1e001340de5a76) Importer(815301076,1909f56bfc062723c751e8b465ee728b)  -> (artifact id: '3c24de74a481adb2480471b54e350b26') in 0.128382 seconds 
========================================================================
Received Import Request.
  Time since last request: 0.000064 seconds.
  path: Assets/Imports/KennyUI/grey_sliderUp.png
  artifactKey: Guid(269106c214a682f46ad751c7e0874036) Importer(815301076,1909f56bfc062723c751e8b465ee728b)
Start importing Assets/Imports/KennyUI/grey_sliderUp.png using Guid(269106c214a682f46ad751c7e0874036) Importer(815301076,1909f56bfc062723c751e8b465ee728b)  -> (artifact id: '13169a4a255e4ddc7ac82fb8ec4e78e0') in 0.088944 seconds 
========================================================================
Received Import Request.
  Time since last request: 0.000049 seconds.
  path: Packages/com.unity.timeline/Editor/StyleSheets/Images/Icons/TimelineEditModeRippleOFF.png
  artifactKey: Guid(bd7b7cac6eb0c3f469781d9a729a1c94) Importer(815301076,1909f56bfc062723c751e8b465ee728b)
Start importing Packages/com.unity.timeline/Editor/StyleSheets/Images/Icons/TimelineEditModeRippleOFF.png using Guid(bd7b7cac6eb0c3f469781d9a729a1c94) Importer(815301076,1909f56bfc062723c751e8b465ee728b)  -> (artifact id: '53e52fd9db7a7b4e081cf8347c55a72f') in 0.175510 seconds 
========================================================================
Received Import Request.
  Time since last request: 0.000044 seconds.
  path: Assets/Imports/KennyUI/yellow_sliderUp.png
  artifactKey: Guid(82e19b1efde39634f947b862f5e3af4a) Importer(815301076,1909f56bfc062723c751e8b465ee728b)
Start importing Assets/Imports/KennyUI/yellow_sliderUp.png using Guid(82e19b1efde39634f947b862f5e3af4a) Importer(815301076,1909f56bfc062723c751e8b465ee728b)  -> (artifact id: '2f6adf4bbafa6697010d0517149eb133') in 0.114707 seconds 
========================================================================
Received Import Request.
  Time since last request: 0.000053 seconds.
  path: Packages/com.unity.textmeshpro/Editor Resources/Gizmos/TMP - Font Asset Icon.psd
  artifactKey: Guid(ee148e281f3c41c5b4ff5f8a5afe5a6c) Importer(815301076,1909f56bfc062723c751e8b465ee728b)
Start importing Packages/com.unity.textmeshpro/Editor Resources/Gizmos/TMP - Font Asset Icon.psd using Guid(ee148e281f3c41c5b4ff5f8a5afe5a6c) Importer(815301076,1909f56bfc062723c751e8b465ee728b)  -> (artifact id: '70be1e4773167227ce04f193a86c8e89') in 0.182624 seconds 
========================================================================
Received Import Request.
  Time since last request: 0.000043 seconds.
  path: Packages/com.unity.collab-proxy/Editor/PlasticSCM/Assets/Images/iconplasticviewnotify.png
  artifactKey: Guid(fcbb76d583fe7ee4e80e7e47c0593c4a) Importer(815301076,1909f56bfc062723c751e8b465ee728b)
Start importing Packages/com.unity.collab-proxy/Editor/PlasticSCM/Assets/Images/iconplasticviewnotify.png using Guid(fcbb76d583fe7ee4e80e7e47c0593c4a) Importer(815301076,1909f56bfc062723c751e8b465ee728b)  -> (artifact id: 'a7c0e66049de5770d1895ab0f1301744') in 0.155901 seconds 
========================================================================
Received Import Request.
  Time since last request: 0.000055 seconds.
  path: Packages/com.unity.textmeshpro/Editor Resources/Gizmos/TMP - Dropdown Icon.psd
  artifactKey: Guid(a7ec9e7ad8b847b7ae4510af83c5d868) Importer(815301076,1909f56bfc062723c751e8b465ee728b)
Start importing Packages/com.unity.textmeshpro/Editor Resources/Gizmos/TMP - Dropdown Icon.psd using Guid(a7ec9e7ad8b847b7ae4510af83c5d868) Importer(815301076,1909f56bfc062723c751e8b465ee728b)  -> (artifact id: 'fd59b1538940e2b46bbae986d25428bc') in 0.120516 seconds 
========================================================================
Received Import Request.
  Time since last request: 0.000047 seconds.
  path: Packages/com.unity.timeline/Editor/StyleSheets/Images/Icons/TrackCurvesButtonDisabled@2x.png
  artifactKey: Guid(a383d8b1327c9254896ad76d6efaf357) Importer(815301076,1909f56bfc062723c751e8b465ee728b)
Start importing Packages/com.unity.timeline/Editor/StyleSheets/Images/Icons/TrackCurvesButtonDisabled@2x.png using Guid(a383d8b1327c9254896ad76d6efaf357) Importer(815301076,1909f56bfc062723c751e8b465ee728b)  -> (artifact id: '86cbcdcd62d47a6d51caea06acfc745c') in 0.160162 seconds 
========================================================================
Received Import Request.
  Time since last request: 0.000041 seconds.
  path: Packages/com.unity.timeline/Editor/StyleSheets/Images/DarkSkin/TimelineStartPlayback.png
  artifactKey: Guid(5060c9f9eb2f7ee4695b638a21d8fe01) Importer(815301076,1909f56bfc062723c751e8b465ee728b)
Start importing Packages/com.unity.timeline/Editor/StyleSheets/Images/DarkSkin/TimelineStartPlayback.png using Guid(5060c9f9eb2f7ee4695b638a21d8fe01) Importer(815301076,1909f56bfc062723c751e8b465ee728b)  -> (artifact id: 'ccf030c57332ef538944b3de9d40fccd') in 0.093793 seconds 
========================================================================
Received Import Request.
  Time since last request: 0.000038 seconds.
  path: Assets/Imports/KennyUI/yellow_button13.png
  artifactKey: Guid(37847335603ee194086741a08147821f) Importer(815301076,1909f56bfc062723c751e8b465ee728b)
Start importing Assets/Imports/KennyUI/yellow_button13.png using Guid(37847335603ee194086741a08147821f) Importer(815301076,1909f56bfc062723c751e8b465ee728b)  -> (artifact id: '156d7f684821da4bf71a70908b6ee8c6') in 0.130392 seconds 
========================================================================
Received Import Request.
  Time since last request: 0.000048 seconds.
  path: Packages/com.unity.collab-proxy/Editor/PlasticSCM/Assets/Images/icondeleted.png
  artifactKey: Guid(77a39e873655d3c4b93d0b7696397b83) Importer(815301076,1909f56bfc062723c751e8b465ee728b)
Start importing Packages/com.unity.collab-proxy/Editor/PlasticSCM/Assets/Images/icondeleted.png using Guid(77a39e873655d3c4b93d0b7696397b83) Importer(815301076,1909f56bfc062723c751e8b465ee728b)  -> (artifact id: '2157d6421e90440deb8e19e2d63b05aa') in 0.139155 seconds 
========================================================================
Received Import Request.
  Time since last request: 0.000038 seconds.
  path: Packages/com.unity.timeline/Editor/StyleSheets/Images/DarkSkin/TimelineDisabledBackground.png
  artifactKey: Guid(412f73153f3a3c549b67b2a847741145) Importer(815301076,1909f56bfc062723c751e8b465ee728b)
Start importing Packages/com.unity.timeline/Editor/StyleSheets/Images/DarkSkin/TimelineDisabledBackground.png using Guid(412f73153f3a3c549b67b2a847741145) Importer(815301076,1909f56bfc062723c751e8b465ee728b)  -> (artifact id: '550de003463a8615d2bd61ece919be0e') in 0.317190 seconds 
========================================================================
Received Import Request.
  Time since last request: 0.000244 seconds.
  path: Packages/com.unity.timeline/Editor/StyleSheets/Images/DarkSkin/TimelinePlayRange.png
  artifactKey: Guid(43eeff8a446b32242a4fb1a5c1bd7b8e) Importer(815301076,1909f56bfc062723c751e8b465ee728b)
Start importing Packages/com.unity.timeline/Editor/StyleSheets/Images/DarkSkin/TimelinePlayRange.png using Guid(43eeff8a446b32242a4fb1a5c1bd7b8e) Importer(815301076,1909f56bfc062723c751e8b465ee728b)  -> (artifact id: 'd242f6284e6c76d620dec7feec6a7abe') in 0.099159 seconds 
========================================================================
Received Import Request.
  Time since last request: 0.000050 seconds.
  path: Assets/Imports/KennyUI/grey_button06.png
  artifactKey: Guid(410494529e93e8041b4d710777029c20) Importer(815301076,1909f56bfc062723c751e8b465ee728b)
Start importing Assets/Imports/KennyUI/grey_button06.png using Guid(410494529e93e8041b4d710777029c20) Importer(815301076,1909f56bfc062723c751e8b465ee728b)  -> (artifact id: 'e8f4152b55449ae66d02f31c3c4543f7') in 0.558999 seconds 
========================================================================
Received Import Request.
  Time since last request: 0.000047 seconds.
  path: Packages/com.unity.timeline/Editor/StyleSheets/Images/Icons/TimelineDigIn.png
  artifactKey: Guid(b1d064d6d80829f4eb370f679384ea1f) Importer(815301076,1909f56bfc062723c751e8b465ee728b)
Start importing Packages/com.unity.timeline/Editor/StyleSheets/Images/Icons/TimelineDigIn.png using Guid(b1d064d6d80829f4eb370f679384ea1f) Importer(815301076,1909f56bfc062723c751e8b465ee728b)  -> (artifact id: 'a78c1ea2f28cd6aa9632e085a9af8d1b') in 0.133201 seconds 
========================================================================
Received Import Request.
  Time since last request: 0.000061 seconds.
  path: Assets/Imports/KennyUI/yellow_sliderLeft.png
  artifactKey: Guid(e24eaaba36b130f4abd0d039c55bd8da) Importer(815301076,1909f56bfc062723c751e8b465ee728b)
Start importing Assets/Imports/KennyUI/yellow_sliderLeft.png using Guid(e24eaaba36b130f4abd0d039c55bd8da) Importer(815301076,1909f56bfc062723c751e8b465ee728b)  -> (artifact id: '8e02f4b276d4901e0a82eabf6f441997') in 0.104961 seconds 
========================================================================
Received Import Request.
  Time since last request: 0.000045 seconds.
  path: Assets/Imports/KennyUI/grey_button01.png
  artifactKey: Guid(b1335bd3d35f2a847979af10862559c3) Importer(815301076,1909f56bfc062723c751e8b465ee728b)
Start importing Assets/Imports/KennyUI/grey_button01.png using Guid(b1335bd3d35f2a847979af10862559c3) Importer(815301076,1909f56bfc062723c751e8b465ee728b)  -> (artifact id: '9bd043fe8f2242c7577959122c0957f9') in 0.094023 seconds 
========================================================================
Received Import Request.
  Time since last request: 2.717289 seconds.
  path: Packages/com.unity.timeline/Editor/StyleSheets/Images/Icons/TrackAvatarButtonDisabled.png
  artifactKey: Guid(54623075676bd504d93243fb18745161) Importer(815301076,1909f56bfc062723c751e8b465ee728b)
Start importing Packages/com.unity.timeline/Editor/StyleSheets/Images/Icons/TrackAvatarButtonDisabled.png using Guid(54623075676bd504d93243fb18745161) Importer(815301076,1909f56bfc062723c751e8b465ee728b)  -> (artifact id: '08f83176f52dd93ee6f7e41bf5ffddaf') in 0.110889 seconds 
========================================================================
Received Import Request.
  Time since last request: 0.226147 seconds.
  path: Packages/com.unity.services.core/Editor/Core/UiHelpers/Images/ToggleOn.png
  artifactKey: Guid(e97f44a089f144758b462da41bc96973) Importer(815301076,1909f56bfc062723c751e8b465ee728b)
Start importing Packages/com.unity.services.core/Editor/Core/UiHelpers/Images/ToggleOn.png using Guid(e97f44a089f144758b462da41bc96973) Importer(815301076,1909f56bfc062723c751e8b465ee728b)  -> (artifact id: '23d59ada4487c785ae678d14d8563947') in 0.053742 seconds 
========================================================================
Received Import Request.
  Time since last request: 299.312884 seconds.
  path: Assets/arms.mat
  artifactKey: Guid(4059b24c2165fbc44bfe93e11d735620) Importer(815301076,1909f56bfc062723c751e8b465ee728b)
Start importing Assets/arms.mat using Guid(4059b24c2165fbc44bfe93e11d735620) Importer(815301076,1909f56bfc062723c751e8b465ee728b)  -> (artifact id: 'ec7e23388f04887993d96486ecd8e701') in 0.067886 seconds 
========================================================================
Received Import Request.
  Time since last request: 16.151050 seconds.
  path: Assets/armColor.png
  artifactKey: Guid(0e685a98cf4e4ad449afbeb465232655) Importer(815301076,1909f56bfc062723c751e8b465ee728b)
Start importing Assets/armColor.png using Guid(0e685a98cf4e4ad449afbeb465232655) Importer(815301076,1909f56bfc062723c751e8b465ee728b)  -> (artifact id: 'a18abc8fe2624ac0505d7a48cb65b67e') in 0.095520 seconds 
========================================================================
Received Import Request.
  Time since last request: 40.643800 seconds.
  path: Assets/Sprites/fpsarms.fbx
  artifactKey: Guid(79292cd8620c1d448b350d5893230f04) Importer(815301076,1909f56bfc062723c751e8b465ee728b)
Start importing Assets/Sprites/fpsarms.fbx using Guid(79292cd8620c1d448b350d5893230f04) Importer(815301076,1909f56bfc062723c751e8b465ee728b)  -> (artifact id: 'b9412aa039cde6dd872619aa310db6e1') in 0.247775 seconds 
========================================================================
Received Import Request.
  Time since last request: 231.968343 seconds.
  path: Assets/Sprites/arms.mat
  artifactKey: Guid(4059b24c2165fbc44bfe93e11d735620) Importer(815301076,1909f56bfc062723c751e8b465ee728b)
Start importing Assets/Sprites/arms.mat using Guid(4059b24c2165fbc44bfe93e11d735620) Importer(815301076,1909f56bfc062723c751e8b465ee728b)  -> (artifact id: 'e1cf74334b471d49ffeef5627ce00e61') in 0.073083 seconds 
========================================================================
Received Import Request.
  Time since last request: 1581.131948 seconds.
  path: Assets/Bio Hound Game Ready.fbx
  artifactKey: Guid(b42211c30f50e8b4e9a6a42fa8d37556) Importer(815301076,1909f56bfc062723c751e8b465ee728b)
Start importing Assets/Bio Hound Game Ready.fbx using Guid(b42211c30f50e8b4e9a6a42fa8d37556) Importer(815301076,1909f56bfc062723c751e8b465ee728b)  -> (artifact id: 'e7395a6457d84dad8e57ebdd8d3187c6') in 0.928144 seconds 
========================================================================
Received Import Request.
  Time since last request: 149.025743 seconds.
  path: Assets/FabConvert.com_zard_creature.fbx
  artifactKey: Guid(491f5fbca1552ad43a50c96cac253f65) Importer(815301076,1909f56bfc062723c751e8b465ee728b)
Start importing Assets/FabConvert.com_zard_creature.fbx using Guid(491f5fbca1552ad43a50c96cac253f65) Importer(815301076,1909f56bfc062723c751e8b465ee728b)  -> (artifact id: '7568ad410f5f1d8ec134fa552cce2e50') in 0.359678 seconds 
========================================================================
Received Import Request.
  Time since last request: 179.673148 seconds.
  path: Assets/Sprites/uploads_files_2773849_special+man.obj
  artifactKey: Guid(48b3289b7ab11774792ac1114289e3ec) Importer(815301076,1909f56bfc062723c751e8b465ee728b)
Start importing Assets/Sprites/uploads_files_2773849_special+man.obj using Guid(48b3289b7ab11774792ac1114289e3ec) Importer(815301076,1909f56bfc062723c751e8b465ee728b)  -> (artifact id: '0ff0ea6452f01d9baf6100cf28adf31c') in 0.126008 seconds 
========================================================================
Received Import Request.
  Time since last request: 6.149410 seconds.
  path: Assets/Sprites/uploads_files_2773849_special+man.blend
  artifactKey: Guid(dd55a67bd405f104b9ab100793bf1e7d) Importer(815301076,1909f56bfc062723c751e8b465ee728b)
Start importing Assets/Sprites/uploads_files_2773849_special+man.blend using Guid(dd55a67bd405f104b9ab100793bf1e7d) Importer(815301076,1909f56bfc062723c751e8b465ee728b)  -> (artifact id: '18b24cbb903229e95c178b110abd2f3a') in 0.012229 seconds 
========================================================================
Received Import Request.
  Time since last request: 6.878723 seconds.
  path: Assets/Sprites/uploads_files_2773849_caucasian+male.fbx
  artifactKey: Guid(6ddae7d88228c7f44ba6483667e1655b) Importer(815301076,1909f56bfc062723c751e8b465ee728b)
Start importing Assets/Sprites/uploads_files_2773849_caucasian+male.fbx using Guid(6ddae7d88228c7f44ba6483667e1655b) Importer(815301076,1909f56bfc062723c751e8b465ee728b)  -> (artifact id: '357bebbfc76e0a1435cf68a65f9e58f7') in 0.424737 seconds 
========================================================================
Received Import Request.
  Time since last request: 475.446428 seconds.
  path: Assets/FabConvert.com_uploads_files_4077738_keyboard.fbx
  artifactKey: Guid(fdf863e6faf083e42a1a3600282b5427) Importer(815301076,1909f56bfc062723c751e8b465ee728b)
Start importing Assets/FabConvert.com_uploads_files_4077738_keyboard.fbx using Guid(fdf863e6faf083e42a1a3600282b5427) Importer(815301076,1909f56bfc062723c751e8b465ee728b)  -> (artifact id: 'b4b3a594fdc0c2ca26b0e52b2d680f9e') in 5.589446 seconds 
